19:12:31.355 [main] DEBUG com.intuit.karate.Suite - [config] classpath:karate-config.js
19:12:32.770 [pool-1-thread-1] INFO  com.intuit.karate - karate.env system property was: null 
19:12:32.800 [pool-1-thread-2] INFO  com.intuit.karate - karate.env system property was: null 
19:12:33.145 [pool-1-thread-1] DEBUG com.intuit.karate - request:
1 > GET https://jsonplaceholder.typicode.com/users
1 > Host: jsonplaceholder.typicode.com
1 > Connection: Keep-Alive
1 > User-Agent: Apache-HttpClient/4.5.14 (Java/17.0.9)
1 > Accept-Encoding: gzip,deflate


19:12:33.145 [pool-1-thread-2] DEBUG com.intuit.karate - request:
1 > POST https://jsonplaceholder.typicode.com/users
1 > Content-Type: application/json; charset=UTF-8
1 > Content-Length: 160
1 > Host: jsonplaceholder.typicode.com
1 > Connection: Keep-Alive
1 > User-Agent: Apache-HttpClient/4.5.14 (Java/17.0.9)
1 > Accept-Encoding: gzip,deflate
{"name":"Test User","username":"testuser","email":"test@user.com","address":{"street":"Has No Name","suite":"Apt. 123","city":"Electri","zipcode":"54321-6789"}}

19:12:34.085 [pool-1-thread-1] DEBUG com.intuit.karate - response time in milliseconds: 935
1 < 200
1 < Date: Wed, 21 Feb 2024 13:42:34 GMT
1 < Content-Type: application/json; charset=utf-8
1 < Transfer-Encoding: chunked
1 < Connection: keep-alive
1 < Report-To: {"group":"heroku-nel","max_age":3600,"endpoints":[{"url":"https://nel.heroku.com/reports?ts=1708477189&sid=e11707d5-02a7-43ef-b45e-2cf4d2036f7d&s=AsBITO7c7ggM%2BpHteDH6U6I%2FpgYT2Ytxw%2FR1Dqu5b3w%3D"}]}
1 < Reporting-Endpoints: heroku-nel=https://nel.heroku.com/reports?ts=1708477189&sid=e11707d5-02a7-43ef-b45e-2cf4d2036f7d&s=AsBITO7c7ggM%2BpHteDH6U6I%2FpgYT2Ytxw%2FR1Dqu5b3w%3D
1 < Nel: {"report_to":"heroku-nel","max_age":3600,"success_fraction":0.005,"failure_fraction":0.05,"response_headers":["Via"]}
1 < X-Powered-By: Express
1 < X-Ratelimit-Limit: 1000
1 < X-Ratelimit-Remaining: 999
1 < X-Ratelimit-Reset: 1708477241
1 < Vary: Origin, Accept-Encoding
1 < Access-Control-Allow-Credentials: true
1 < Cache-Control: max-age=43200
1 < Pragma: no-cache
1 < Expires: -1
1 < X-Content-Type-Options: nosniff
1 < Etag: W/"160d-1eMSsxeJRfnVLRBmYJSbCiJZ1qQ"
1 < Via: 1.1 vegur
1 < CF-Cache-Status: HIT
1 < Age: 11276
1 < Server: cloudflare
1 < CF-RAY: 858f69cecaff13e1-KUL
1 < alt-svc: h3=":443"; ma=86400
[
  {
    "id": 1,
    "name": "Leanne Graham",
    "username": "Bret",
    "email": "Sincere@april.biz",
    "address": {
      "street": "Kulas Light",
      "suite": "Apt. 556",
      "city": "Gwenborough",
      "zipcode": "92998-3874",
      "geo": {
        "lat": "-37.3159",
        "lng": "81.1496"
      }
    },
    "phone": "1-770-736-8031 x56442",
    "website": "hildegard.org",
    "company": {
      "name": "Romaguera-Crona",
      "catchPhrase": "Multi-layered client-server neural-net",
      "bs": "harness real-time e-markets"
    }
  },
  {
    "id": 2,
    "name": "Ervin Howell",
    "username": "Antonette",
    "email": "Shanna@melissa.tv",
    "address": {
      "street": "Victor Plains",
      "suite": "Suite 879",
      "city": "Wisokyburgh",
      "zipcode": "90566-7771",
      "geo": {
        "lat": "-43.9509",
        "lng": "-34.4618"
      }
    },
    "phone": "010-692-6593 x09125",
    "website": "anastasia.net",
    "company": {
      "name": "Deckow-Crist",
      "catchPhrase": "Proactive didactic contingency",
      "bs": "synergize scalable supply-chains"
    }
  },
  {
    "id": 3,
    "name": "Clementine Bauch",
    "username": "Samantha",
    "email": "Nathan@yesenia.net",
    "address": {
      "street": "Douglas Extension",
      "suite": "Suite 847",
      "city": "McKenziehaven",
      "zipcode": "59590-4157",
      "geo": {
        "lat": "-68.6102",
        "lng": "-47.0653"
      }
    },
    "phone": "1-463-123-4447",
    "website": "ramiro.info",
    "company": {
      "name": "Romaguera-Jacobson",
      "catchPhrase": "Face to face bifurcated interface",
      "bs": "e-enable strategic applications"
    }
  },
  {
    "id": 4,
    "name": "Patricia Lebsack",
    "username": "Karianne",
    "email": "Julianne.OConner@kory.org",
    "address": {
      "street": "Hoeger Mall",
      "suite": "Apt. 692",
      "city": "South Elvis",
      "zipcode": "53919-4257",
      "geo": {
        "lat": "29.4572",
        "lng": "-164.2990"
      }
    },
    "phone": "493-170-9623 x156",
    "website": "kale.biz",
    "company": {
      "name": "Robel-Corkery",
      "catchPhrase": "Multi-tiered zero tolerance productivity",
      "bs": "transition cutting-edge web services"
    }
  },
  {
    "id": 5,
    "name": "Chelsey Dietrich",
    "username": "Kamren",
    "email": "Lucio_Hettinger@annie.ca",
    "address": {
      "street": "Skiles Walks",
      "suite": "Suite 351",
      "city": "Roscoeview",
      "zipcode": "33263",
      "geo": {
        "lat": "-31.8129",
        "lng": "62.5342"
      }
    },
    "phone": "(254)954-1289",
    "website": "demarco.info",
    "company": {
      "name": "Keebler LLC",
      "catchPhrase": "User-centric fault-tolerant solution",
      "bs": "revolutionize end-to-end systems"
    }
  },
  {
    "id": 6,
    "name": "Mrs. Dennis Schulist",
    "username": "Leopoldo_Corkery",
    "email": "Karley_Dach@jasper.info",
    "address": {
      "street": "Norberto Crossing",
      "suite": "Apt. 950",
      "city": "South Christy",
      "zipcode": "23505-1337",
      "geo": {
        "lat": "-71.4197",
        "lng": "71.7478"
      }
    },
    "phone": "1-477-935-8478 x6430",
    "website": "ola.org",
    "company": {
      "name": "Considine-Lockman",
      "catchPhrase": "Synchronised bottom-line interface",
      "bs": "e-enable innovative applications"
    }
  },
  {
    "id": 7,
    "name": "Kurtis Weissnat",
    "username": "Elwyn.Skiles",
    "email": "Telly.Hoeger@billy.biz",
    "address": {
      "street": "Rex Trail",
      "suite": "Suite 280",
      "city": "Howemouth",
      "zipcode": "58804-1099",
      "geo": {
        "lat": "24.8918",
        "lng": "21.8984"
      }
    },
    "phone": "210.067.6132",
    "website": "elvis.io",
    "company": {
      "name": "Johns Group",
      "catchPhrase": "Configurable multimedia task-force",
      "bs": "generate enterprise e-tailers"
    }
  },
  {
    "id": 8,
    "name": "Nicholas Runolfsdottir V",
    "username": "Maxime_Nienow",
    "email": "Sherwood@rosamond.me",
    "address": {
      "street": "Ellsworth Summit",
      "suite": "Suite 729",
      "city": "Aliyaview",
      "zipcode": "45169",
      "geo": {
        "lat": "-14.3990",
        "lng": "-120.7677"
      }
    },
    "phone": "586.493.6943 x140",
    "website": "jacynthe.com",
    "company": {
      "name": "Abernathy Group",
      "catchPhrase": "Implemented secondary concept",
      "bs": "e-enable extensible e-tailers"
    }
  },
  {
    "id": 9,
    "name": "Glenna Reichert",
    "username": "Delphine",
    "email": "Chaim_McDermott@dana.io",
    "address": {
      "street": "Dayna Park",
      "suite": "Suite 449",
      "city": "Bartholomebury",
      "zipcode": "76495-3109",
      "geo": {
        "lat": "24.6463",
        "lng": "-168.8889"
      }
    },
    "phone": "(775)976-6794 x41206",
    "website": "conrad.com",
    "company": {
      "name": "Yost and Sons",
      "catchPhrase": "Switchable contextually-based project",
      "bs": "aggregate real-time technologies"
    }
  },
  {
    "id": 10,
    "name": "Clementina DuBuque",
    "username": "Moriah.Stanton",
    "email": "Rey.Padberg@karina.biz",
    "address": {
      "street": "Kattie Turnpike",
      "suite": "Suite 198",
      "city": "Lebsackbury",
      "zipcode": "31428-2261",
      "geo": {
        "lat": "-38.2386",
        "lng": "57.2232"
      }
    },
    "phone": "024-648-3804",
    "website": "ambrose.net",
    "company": {
      "name": "Hoeger LLC",
      "catchPhrase": "Centralized empowering task-force",
      "bs": "target end-to-end models"
    }
  }
]

19:12:34.119 [pool-1-thread-1] DEBUG com.intuit.karate - request:
2 > GET https://jsonplaceholder.typicode.com/users/1
2 > Host: jsonplaceholder.typicode.com
2 > Connection: Keep-Alive
2 > User-Agent: Apache-HttpClient/4.5.14 (Java/17.0.9)
2 > Accept-Encoding: gzip,deflate


19:12:34.787 [pool-1-thread-2] DEBUG com.intuit.karate - response time in milliseconds: 1641
1 < 201
1 < Date: Wed, 21 Feb 2024 13:42:34 GMT
1 < Content-Type: application/json; charset=utf-8
1 < Content-Length: 216
1 < Connection: keep-alive
1 < Report-To: {"group":"heroku-nel","max_age":3600,"endpoints":[{"url":"https://nel.heroku.com/reports?ts=1708522954&sid=e11707d5-02a7-43ef-b45e-2cf4d2036f7d&s=OzxG%2B%2Bkt%2B7XwGYJwnvztxCNhboyNV%2FapDdReSSjqmHg%3D"}]}
1 < Reporting-Endpoints: heroku-nel=https://nel.heroku.com/reports?ts=1708522954&sid=e11707d5-02a7-43ef-b45e-2cf4d2036f7d&s=OzxG%2B%2Bkt%2B7XwGYJwnvztxCNhboyNV%2FapDdReSSjqmHg%3D
1 < Nel: {"report_to":"heroku-nel","max_age":3600,"success_fraction":0.005,"failure_fraction":0.05,"response_headers":["Via"]}
1 < X-Powered-By: Express
1 < X-Ratelimit-Limit: 1000
1 < X-Ratelimit-Remaining: 999
1 < X-Ratelimit-Reset: 1708522961
1 < Vary: Origin, X-HTTP-Method-Override, Accept-Encoding
1 < Access-Control-Allow-Credentials: true
1 < Cache-Control: no-cache
1 < Pragma: no-cache
1 < Expires: -1
1 < Access-Control-Expose-Headers: Location
1 < Location: https://jsonplaceholder.typicode.com/users/11
1 < X-Content-Type-Options: nosniff
1 < Etag: W/"d8-pYV7+YuMGP2hxHPU9ARrf97ifDA"
1 < Via: 1.1 vegur
1 < CF-Cache-Status: DYNAMIC
1 < Server: cloudflare
1 < CF-RAY: 858f69cecfbe13dc-KUL
1 < alt-svc: h3=":443"; ma=86400
{
  "name": "Test User",
  "username": "testuser",
  "email": "test@user.com",
  "address": {
    "street": "Has No Name",
    "suite": "Apt. 123",
    "city": "Electri",
    "zipcode": "54321-6789"
  },
  "id": 11
}

19:12:34.799 [pool-1-thread-2] INFO  com.intuit.karate - [print] created id is:  11 
19:12:35.183 [pool-1-thread-1] DEBUG com.intuit.karate - response time in milliseconds: 1063
2 < 200
2 < Date: Wed, 21 Feb 2024 13:42:35 GMT
2 < Content-Type: application/json; charset=utf-8
2 < Transfer-Encoding: chunked
2 < Connection: keep-alive
2 < Report-To: {"group":"heroku-nel","max_age":3600,"endpoints":[{"url":"https://nel.heroku.com/reports?ts=1708522955&sid=e11707d5-02a7-43ef-b45e-2cf4d2036f7d&s=HDM79YXWtU7ojJVhDRcUVyx9M%2BlhvdmoU0zxQ%2BOtlNc%3D"}]}
2 < Reporting-Endpoints: heroku-nel=https://nel.heroku.com/reports?ts=1708522955&sid=e11707d5-02a7-43ef-b45e-2cf4d2036f7d&s=HDM79YXWtU7ojJVhDRcUVyx9M%2BlhvdmoU0zxQ%2BOtlNc%3D
2 < Nel: {"report_to":"heroku-nel","max_age":3600,"success_fraction":0.005,"failure_fraction":0.05,"response_headers":["Via"]}
2 < X-Powered-By: Express
2 < X-Ratelimit-Limit: 1000
2 < X-Ratelimit-Remaining: 998
2 < X-Ratelimit-Reset: 1708522961
2 < Vary: Origin, Accept-Encoding
2 < Access-Control-Allow-Credentials: true
2 < Cache-Control: max-age=43200
2 < Pragma: no-cache
2 < Expires: -1
2 < X-Content-Type-Options: nosniff
2 < Etag: W/"1fd-+2Y3G3w049iSZtw5t1mzSnunngE"
2 < Via: 1.1 vegur
2 < CF-Cache-Status: MISS
2 < Server: cloudflare
2 < CF-RAY: 858f69d13ff613d8-KUL
2 < alt-svc: h3=":443"; ma=86400
{
  "id": 1,
  "name": "Leanne Graham",
  "username": "Bret",
  "email": "Sincere@april.biz",
  "address": {
    "street": "Kulas Light",
    "suite": "Apt. 556",
    "city": "Gwenborough",
    "zipcode": "92998-3874",
    "geo": {
      "lat": "-37.3159",
      "lng": "81.1496"
    }
  },
  "phone": "1-770-736-8031 x56442",
  "website": "hildegard.org",
  "company": {
    "name": "Romaguera-Crona",
    "catchPhrase": "Multi-layered client-server neural-net",
    "bs": "harness real-time e-markets"
  }
}

19:12:36.170 [pool-2-thread-1] INFO  com.intuit.karate.Suite - <<pass>> feature 1 of 1 (0 remaining) classpath:examples/users/users.feature
19:14:23.295 [main] DEBUG com.intuit.karate.Suite - [config] classpath:karate-config.js
19:14:23.306 [main] INFO  com.intuit.karate.Suite - backed up existing 'target/karate-reports' dir to: target/karate-reports_1708523063299
19:14:24.726 [pool-1-thread-1] INFO  com.intuit.karate - karate.env system property was: null 
19:14:24.764 [pool-1-thread-2] INFO  com.intuit.karate - karate.env system property was: null 
19:14:25.143 [pool-1-thread-1] DEBUG com.intuit.karate - request:
1 > GET https://jsonplaceholder.typicode.com/users
1 > Host: jsonplaceholder.typicode.com
1 > Connection: Keep-Alive
1 > User-Agent: Apache-HttpClient/4.5.14 (Java/17.0.9)
1 > Accept-Encoding: gzip,deflate


19:14:25.144 [pool-1-thread-2] DEBUG com.intuit.karate - request:
1 > POST https://jsonplaceholder.typicode.com/users
1 > Content-Type: application/json; charset=UTF-8
1 > Content-Length: 160
1 > Host: jsonplaceholder.typicode.com
1 > Connection: Keep-Alive
1 > User-Agent: Apache-HttpClient/4.5.14 (Java/17.0.9)
1 > Accept-Encoding: gzip,deflate
{"name":"Test User","username":"testuser","email":"test@user.com","address":{"street":"Has No Name","suite":"Apt. 123","city":"Electri","zipcode":"54321-6789"}}

19:14:25.964 [pool-1-thread-1] DEBUG com.intuit.karate - response time in milliseconds: 814
1 < 200
1 < Date: Wed, 21 Feb 2024 13:44:25 GMT
1 < Content-Type: application/json; charset=utf-8
1 < Transfer-Encoding: chunked
1 < Connection: keep-alive
1 < Report-To: {"group":"heroku-nel","max_age":3600,"endpoints":[{"url":"https://nel.heroku.com/reports?ts=1708099434&sid=e11707d5-02a7-43ef-b45e-2cf4d2036f7d&s=f1Oih22fq5cfzwXOWPqRqNSsVGPeop5Y7mJhTvPWiOQ%3D"}]}
1 < Reporting-Endpoints: heroku-nel=https://nel.heroku.com/reports?ts=1708099434&sid=e11707d5-02a7-43ef-b45e-2cf4d2036f7d&s=f1Oih22fq5cfzwXOWPqRqNSsVGPeop5Y7mJhTvPWiOQ%3D
1 < Nel: {"report_to":"heroku-nel","max_age":3600,"success_fraction":0.005,"failure_fraction":0.05,"response_headers":["Via"]}
1 < X-Powered-By: Express
1 < X-Ratelimit-Limit: 1000
1 < X-Ratelimit-Remaining: 999
1 < X-Ratelimit-Reset: 1708099450
1 < Vary: Origin, Accept-Encoding
1 < Access-Control-Allow-Credentials: true
1 < Cache-Control: max-age=43200
1 < Pragma: no-cache
1 < Expires: -1
1 < X-Content-Type-Options: nosniff
1 < Etag: W/"160d-1eMSsxeJRfnVLRBmYJSbCiJZ1qQ"
1 < Via: 1.1 vegur
1 < CF-Cache-Status: HIT
1 < Age: 20290
1 < Server: cloudflare
1 < CF-RAY: 858f6c89c9ba49f0-SIN
1 < alt-svc: h3=":443"; ma=86400
[
  {
    "id": 1,
    "name": "Leanne Graham",
    "username": "Bret",
    "email": "Sincere@april.biz",
    "address": {
      "street": "Kulas Light",
      "suite": "Apt. 556",
      "city": "Gwenborough",
      "zipcode": "92998-3874",
      "geo": {
        "lat": "-37.3159",
        "lng": "81.1496"
      }
    },
    "phone": "1-770-736-8031 x56442",
    "website": "hildegard.org",
    "company": {
      "name": "Romaguera-Crona",
      "catchPhrase": "Multi-layered client-server neural-net",
      "bs": "harness real-time e-markets"
    }
  },
  {
    "id": 2,
    "name": "Ervin Howell",
    "username": "Antonette",
    "email": "Shanna@melissa.tv",
    "address": {
      "street": "Victor Plains",
      "suite": "Suite 879",
      "city": "Wisokyburgh",
      "zipcode": "90566-7771",
      "geo": {
        "lat": "-43.9509",
        "lng": "-34.4618"
      }
    },
    "phone": "010-692-6593 x09125",
    "website": "anastasia.net",
    "company": {
      "name": "Deckow-Crist",
      "catchPhrase": "Proactive didactic contingency",
      "bs": "synergize scalable supply-chains"
    }
  },
  {
    "id": 3,
    "name": "Clementine Bauch",
    "username": "Samantha",
    "email": "Nathan@yesenia.net",
    "address": {
      "street": "Douglas Extension",
      "suite": "Suite 847",
      "city": "McKenziehaven",
      "zipcode": "59590-4157",
      "geo": {
        "lat": "-68.6102",
        "lng": "-47.0653"
      }
    },
    "phone": "1-463-123-4447",
    "website": "ramiro.info",
    "company": {
      "name": "Romaguera-Jacobson",
      "catchPhrase": "Face to face bifurcated interface",
      "bs": "e-enable strategic applications"
    }
  },
  {
    "id": 4,
    "name": "Patricia Lebsack",
    "username": "Karianne",
    "email": "Julianne.OConner@kory.org",
    "address": {
      "street": "Hoeger Mall",
      "suite": "Apt. 692",
      "city": "South Elvis",
      "zipcode": "53919-4257",
      "geo": {
        "lat": "29.4572",
        "lng": "-164.2990"
      }
    },
    "phone": "493-170-9623 x156",
    "website": "kale.biz",
    "company": {
      "name": "Robel-Corkery",
      "catchPhrase": "Multi-tiered zero tolerance productivity",
      "bs": "transition cutting-edge web services"
    }
  },
  {
    "id": 5,
    "name": "Chelsey Dietrich",
    "username": "Kamren",
    "email": "Lucio_Hettinger@annie.ca",
    "address": {
      "street": "Skiles Walks",
      "suite": "Suite 351",
      "city": "Roscoeview",
      "zipcode": "33263",
      "geo": {
        "lat": "-31.8129",
        "lng": "62.5342"
      }
    },
    "phone": "(254)954-1289",
    "website": "demarco.info",
    "company": {
      "name": "Keebler LLC",
      "catchPhrase": "User-centric fault-tolerant solution",
      "bs": "revolutionize end-to-end systems"
    }
  },
  {
    "id": 6,
    "name": "Mrs. Dennis Schulist",
    "username": "Leopoldo_Corkery",
    "email": "Karley_Dach@jasper.info",
    "address": {
      "street": "Norberto Crossing",
      "suite": "Apt. 950",
      "city": "South Christy",
      "zipcode": "23505-1337",
      "geo": {
        "lat": "-71.4197",
        "lng": "71.7478"
      }
    },
    "phone": "1-477-935-8478 x6430",
    "website": "ola.org",
    "company": {
      "name": "Considine-Lockman",
      "catchPhrase": "Synchronised bottom-line interface",
      "bs": "e-enable innovative applications"
    }
  },
  {
    "id": 7,
    "name": "Kurtis Weissnat",
    "username": "Elwyn.Skiles",
    "email": "Telly.Hoeger@billy.biz",
    "address": {
      "street": "Rex Trail",
      "suite": "Suite 280",
      "city": "Howemouth",
      "zipcode": "58804-1099",
      "geo": {
        "lat": "24.8918",
        "lng": "21.8984"
      }
    },
    "phone": "210.067.6132",
    "website": "elvis.io",
    "company": {
      "name": "Johns Group",
      "catchPhrase": "Configurable multimedia task-force",
      "bs": "generate enterprise e-tailers"
    }
  },
  {
    "id": 8,
    "name": "Nicholas Runolfsdottir V",
    "username": "Maxime_Nienow",
    "email": "Sherwood@rosamond.me",
    "address": {
      "street": "Ellsworth Summit",
      "suite": "Suite 729",
      "city": "Aliyaview",
      "zipcode": "45169",
      "geo": {
        "lat": "-14.3990",
        "lng": "-120.7677"
      }
    },
    "phone": "586.493.6943 x140",
    "website": "jacynthe.com",
    "company": {
      "name": "Abernathy Group",
      "catchPhrase": "Implemented secondary concept",
      "bs": "e-enable extensible e-tailers"
    }
  },
  {
    "id": 9,
    "name": "Glenna Reichert",
    "username": "Delphine",
    "email": "Chaim_McDermott@dana.io",
    "address": {
      "street": "Dayna Park",
      "suite": "Suite 449",
      "city": "Bartholomebury",
      "zipcode": "76495-3109",
      "geo": {
        "lat": "24.6463",
        "lng": "-168.8889"
      }
    },
    "phone": "(775)976-6794 x41206",
    "website": "conrad.com",
    "company": {
      "name": "Yost and Sons",
      "catchPhrase": "Switchable contextually-based project",
      "bs": "aggregate real-time technologies"
    }
  },
  {
    "id": 10,
    "name": "Clementina DuBuque",
    "username": "Moriah.Stanton",
    "email": "Rey.Padberg@karina.biz",
    "address": {
      "street": "Kattie Turnpike",
      "suite": "Suite 198",
      "city": "Lebsackbury",
      "zipcode": "31428-2261",
      "geo": {
        "lat": "-38.2386",
        "lng": "57.2232"
      }
    },
    "phone": "024-648-3804",
    "website": "ambrose.net",
    "company": {
      "name": "Hoeger LLC",
      "catchPhrase": "Centralized empowering task-force",
      "bs": "target end-to-end models"
    }
  }
]

19:14:25.998 [pool-1-thread-1] DEBUG com.intuit.karate - request:
2 > GET https://jsonplaceholder.typicode.com/users/1
2 > Host: jsonplaceholder.typicode.com
2 > Connection: Keep-Alive
2 > User-Agent: Apache-HttpClient/4.5.14 (Java/17.0.9)
2 > Accept-Encoding: gzip,deflate


19:14:26.283 [pool-1-thread-1] DEBUG com.intuit.karate - response time in milliseconds: 284
2 < 200
2 < Date: Wed, 21 Feb 2024 13:44:26 GMT
2 < Content-Type: application/json; charset=utf-8
2 < Transfer-Encoding: chunked
2 < Connection: keep-alive
2 < Report-To: {"group":"heroku-nel","max_age":3600,"endpoints":[{"url":"https://nel.heroku.com/reports?ts=1708076448&sid=e11707d5-02a7-43ef-b45e-2cf4d2036f7d&s=t6DKFt5weag5NbhNs%2FDsth6UhFdUn1PSEFSK%2FzHwXFs%3D"}]}
2 < Reporting-Endpoints: heroku-nel=https://nel.heroku.com/reports?ts=1708076448&sid=e11707d5-02a7-43ef-b45e-2cf4d2036f7d&s=t6DKFt5weag5NbhNs%2FDsth6UhFdUn1PSEFSK%2FzHwXFs%3D
2 < Nel: {"report_to":"heroku-nel","max_age":3600,"success_fraction":0.005,"failure_fraction":0.05,"response_headers":["Via"]}
2 < X-Powered-By: Express
2 < X-Ratelimit-Limit: 1000
2 < X-Ratelimit-Remaining: 999
2 < X-Ratelimit-Reset: 1708076470
2 < Vary: Origin, Accept-Encoding
2 < Access-Control-Allow-Credentials: true
2 < Cache-Control: max-age=43200
2 < Pragma: no-cache
2 < Expires: -1
2 < X-Content-Type-Options: nosniff
2 < Etag: W/"1fd-+2Y3G3w049iSZtw5t1mzSnunngE"
2 < Via: 1.1 vegur
2 < CF-Cache-Status: HIT
2 < Age: 7099
2 < Server: cloudflare
2 < CF-RAY: 858f6c8c1ba44631-SIN
2 < alt-svc: h3=":443"; ma=86400
{
  "id": 1,
  "name": "Leanne Graham",
  "username": "Bret",
  "email": "Sincere@april.biz",
  "address": {
    "street": "Kulas Light",
    "suite": "Apt. 556",
    "city": "Gwenborough",
    "zipcode": "92998-3874",
    "geo": {
      "lat": "-37.3159",
      "lng": "81.1496"
    }
  },
  "phone": "1-770-736-8031 x56442",
  "website": "hildegard.org",
  "company": {
    "name": "Romaguera-Crona",
    "catchPhrase": "Multi-layered client-server neural-net",
    "bs": "harness real-time e-markets"
  }
}

19:14:26.649 [pool-1-thread-2] DEBUG com.intuit.karate - response time in milliseconds: 1505
1 < 201
1 < Date: Wed, 21 Feb 2024 13:44:26 GMT
1 < Content-Type: application/json; charset=utf-8
1 < Content-Length: 216
1 < Connection: keep-alive
1 < Report-To: {"group":"heroku-nel","max_age":3600,"endpoints":[{"url":"https://nel.heroku.com/reports?ts=1708523066&sid=e11707d5-02a7-43ef-b45e-2cf4d2036f7d&s=M%2Fjx%2BKueWU4XBCxibFNtL4%2F7xhqs5Dy2mdQqRSIOZQw%3D"}]}
1 < Reporting-Endpoints: heroku-nel=https://nel.heroku.com/reports?ts=1708523066&sid=e11707d5-02a7-43ef-b45e-2cf4d2036f7d&s=M%2Fjx%2BKueWU4XBCxibFNtL4%2F7xhqs5Dy2mdQqRSIOZQw%3D
1 < Nel: {"report_to":"heroku-nel","max_age":3600,"success_fraction":0.005,"failure_fraction":0.05,"response_headers":["Via"]}
1 < X-Powered-By: Express
1 < X-Ratelimit-Limit: 1000
1 < X-Ratelimit-Remaining: 999
1 < X-Ratelimit-Reset: 1708523081
1 < Vary: Origin, X-HTTP-Method-Override, Accept-Encoding
1 < Access-Control-Allow-Credentials: true
1 < Cache-Control: no-cache
1 < Pragma: no-cache
1 < Expires: -1
1 < Access-Control-Expose-Headers: Location
1 < Location: https://jsonplaceholder.typicode.com/users/11
1 < X-Content-Type-Options: nosniff
1 < Etag: W/"d8-pYV7+YuMGP2hxHPU9ARrf97ifDA"
1 < Via: 1.1 vegur
1 < CF-Cache-Status: DYNAMIC
1 < Server: cloudflare
1 < CF-RAY: 858f6c89fcd313dd-KUL
1 < alt-svc: h3=":443"; ma=86400
{
  "name": "Test User",
  "username": "testuser",
  "email": "test@user.com",
  "address": {
    "street": "Has No Name",
    "suite": "Apt. 123",
    "city": "Electri",
    "zipcode": "54321-6789"
  },
  "id": 11
}

19:14:26.655 [pool-1-thread-2] INFO  com.intuit.karate - [print] created id is:  11 
19:14:27.825 [pool-2-thread-1] INFO  com.intuit.karate.Suite - <<pass>> feature 1 of 1 (0 remaining) classpath:examples/users/users.feature
19:15:48.877 [main] DEBUG com.intuit.karate.Suite - [config] classpath:karate-config.js
19:15:48.889 [main] INFO  com.intuit.karate.Suite - backed up existing 'target/karate-reports' dir to: target/karate-reports_1708523148881
19:15:50.204 [pool-1-thread-1] INFO  com.intuit.karate - karate.env system property was: null 
19:15:50.240 [pool-1-thread-2] INFO  com.intuit.karate - karate.env system property was: null 
19:15:50.596 [pool-1-thread-1] DEBUG com.intuit.karate - request:
1 > GET https://jsonplaceholder.typicode.com/users
1 > Host: jsonplaceholder.typicode.com
1 > Connection: Keep-Alive
1 > User-Agent: Apache-HttpClient/4.5.14 (Java/17.0.9)
1 > Accept-Encoding: gzip,deflate


19:15:50.596 [pool-1-thread-2] DEBUG com.intuit.karate - request:
1 > POST https://jsonplaceholder.typicode.com/users
1 > Content-Type: application/json; charset=UTF-8
1 > Content-Length: 160
1 > Host: jsonplaceholder.typicode.com
1 > Connection: Keep-Alive
1 > User-Agent: Apache-HttpClient/4.5.14 (Java/17.0.9)
1 > Accept-Encoding: gzip,deflate
{"name":"Test User","username":"testuser","email":"test@user.com","address":{"street":"Has No Name","suite":"Apt. 123","city":"Electri","zipcode":"54321-6789"}}

19:15:51.411 [pool-1-thread-1] DEBUG com.intuit.karate - response time in milliseconds: 807
1 < 200
1 < Date: Wed, 21 Feb 2024 13:45:51 GMT
1 < Content-Type: application/json; charset=utf-8
1 < Transfer-Encoding: chunked
1 < Connection: keep-alive
1 < Report-To: {"group":"heroku-nel","max_age":3600,"endpoints":[{"url":"https://nel.heroku.com/reports?ts=1708477189&sid=e11707d5-02a7-43ef-b45e-2cf4d2036f7d&s=AsBITO7c7ggM%2BpHteDH6U6I%2FpgYT2Ytxw%2FR1Dqu5b3w%3D"}]}
1 < Reporting-Endpoints: heroku-nel=https://nel.heroku.com/reports?ts=1708477189&sid=e11707d5-02a7-43ef-b45e-2cf4d2036f7d&s=AsBITO7c7ggM%2BpHteDH6U6I%2FpgYT2Ytxw%2FR1Dqu5b3w%3D
1 < Nel: {"report_to":"heroku-nel","max_age":3600,"success_fraction":0.005,"failure_fraction":0.05,"response_headers":["Via"]}
1 < X-Powered-By: Express
1 < X-Ratelimit-Limit: 1000
1 < X-Ratelimit-Remaining: 999
1 < X-Ratelimit-Reset: 1708477241
1 < Vary: Origin, Accept-Encoding
1 < Access-Control-Allow-Credentials: true
1 < Cache-Control: max-age=43200
1 < Pragma: no-cache
1 < Expires: -1
1 < X-Content-Type-Options: nosniff
1 < Etag: W/"160d-1eMSsxeJRfnVLRBmYJSbCiJZ1qQ"
1 < Via: 1.1 vegur
1 < CF-Cache-Status: HIT
1 < Age: 11473
1 < Server: cloudflare
1 < CF-RAY: 858f6ea00dc813e0-KUL
1 < alt-svc: h3=":443"; ma=86400
[
  {
    "id": 1,
    "name": "Leanne Graham",
    "username": "Bret",
    "email": "Sincere@april.biz",
    "address": {
      "street": "Kulas Light",
      "suite": "Apt. 556",
      "city": "Gwenborough",
      "zipcode": "92998-3874",
      "geo": {
        "lat": "-37.3159",
        "lng": "81.1496"
      }
    },
    "phone": "1-770-736-8031 x56442",
    "website": "hildegard.org",
    "company": {
      "name": "Romaguera-Crona",
      "catchPhrase": "Multi-layered client-server neural-net",
      "bs": "harness real-time e-markets"
    }
  },
  {
    "id": 2,
    "name": "Ervin Howell",
    "username": "Antonette",
    "email": "Shanna@melissa.tv",
    "address": {
      "street": "Victor Plains",
      "suite": "Suite 879",
      "city": "Wisokyburgh",
      "zipcode": "90566-7771",
      "geo": {
        "lat": "-43.9509",
        "lng": "-34.4618"
      }
    },
    "phone": "010-692-6593 x09125",
    "website": "anastasia.net",
    "company": {
      "name": "Deckow-Crist",
      "catchPhrase": "Proactive didactic contingency",
      "bs": "synergize scalable supply-chains"
    }
  },
  {
    "id": 3,
    "name": "Clementine Bauch",
    "username": "Samantha",
    "email": "Nathan@yesenia.net",
    "address": {
      "street": "Douglas Extension",
      "suite": "Suite 847",
      "city": "McKenziehaven",
      "zipcode": "59590-4157",
      "geo": {
        "lat": "-68.6102",
        "lng": "-47.0653"
      }
    },
    "phone": "1-463-123-4447",
    "website": "ramiro.info",
    "company": {
      "name": "Romaguera-Jacobson",
      "catchPhrase": "Face to face bifurcated interface",
      "bs": "e-enable strategic applications"
    }
  },
  {
    "id": 4,
    "name": "Patricia Lebsack",
    "username": "Karianne",
    "email": "Julianne.OConner@kory.org",
    "address": {
      "street": "Hoeger Mall",
      "suite": "Apt. 692",
      "city": "South Elvis",
      "zipcode": "53919-4257",
      "geo": {
        "lat": "29.4572",
        "lng": "-164.2990"
      }
    },
    "phone": "493-170-9623 x156",
    "website": "kale.biz",
    "company": {
      "name": "Robel-Corkery",
      "catchPhrase": "Multi-tiered zero tolerance productivity",
      "bs": "transition cutting-edge web services"
    }
  },
  {
    "id": 5,
    "name": "Chelsey Dietrich",
    "username": "Kamren",
    "email": "Lucio_Hettinger@annie.ca",
    "address": {
      "street": "Skiles Walks",
      "suite": "Suite 351",
      "city": "Roscoeview",
      "zipcode": "33263",
      "geo": {
        "lat": "-31.8129",
        "lng": "62.5342"
      }
    },
    "phone": "(254)954-1289",
    "website": "demarco.info",
    "company": {
      "name": "Keebler LLC",
      "catchPhrase": "User-centric fault-tolerant solution",
      "bs": "revolutionize end-to-end systems"
    }
  },
  {
    "id": 6,
    "name": "Mrs. Dennis Schulist",
    "username": "Leopoldo_Corkery",
    "email": "Karley_Dach@jasper.info",
    "address": {
      "street": "Norberto Crossing",
      "suite": "Apt. 950",
      "city": "South Christy",
      "zipcode": "23505-1337",
      "geo": {
        "lat": "-71.4197",
        "lng": "71.7478"
      }
    },
    "phone": "1-477-935-8478 x6430",
    "website": "ola.org",
    "company": {
      "name": "Considine-Lockman",
      "catchPhrase": "Synchronised bottom-line interface",
      "bs": "e-enable innovative applications"
    }
  },
  {
    "id": 7,
    "name": "Kurtis Weissnat",
    "username": "Elwyn.Skiles",
    "email": "Telly.Hoeger@billy.biz",
    "address": {
      "street": "Rex Trail",
      "suite": "Suite 280",
      "city": "Howemouth",
      "zipcode": "58804-1099",
      "geo": {
        "lat": "24.8918",
        "lng": "21.8984"
      }
    },
    "phone": "210.067.6132",
    "website": "elvis.io",
    "company": {
      "name": "Johns Group",
      "catchPhrase": "Configurable multimedia task-force",
      "bs": "generate enterprise e-tailers"
    }
  },
  {
    "id": 8,
    "name": "Nicholas Runolfsdottir V",
    "username": "Maxime_Nienow",
    "email": "Sherwood@rosamond.me",
    "address": {
      "street": "Ellsworth Summit",
      "suite": "Suite 729",
      "city": "Aliyaview",
      "zipcode": "45169",
      "geo": {
        "lat": "-14.3990",
        "lng": "-120.7677"
      }
    },
    "phone": "586.493.6943 x140",
    "website": "jacynthe.com",
    "company": {
      "name": "Abernathy Group",
      "catchPhrase": "Implemented secondary concept",
      "bs": "e-enable extensible e-tailers"
    }
  },
  {
    "id": 9,
    "name": "Glenna Reichert",
    "username": "Delphine",
    "email": "Chaim_McDermott@dana.io",
    "address": {
      "street": "Dayna Park",
      "suite": "Suite 449",
      "city": "Bartholomebury",
      "zipcode": "76495-3109",
      "geo": {
        "lat": "24.6463",
        "lng": "-168.8889"
      }
    },
    "phone": "(775)976-6794 x41206",
    "website": "conrad.com",
    "company": {
      "name": "Yost and Sons",
      "catchPhrase": "Switchable contextually-based project",
      "bs": "aggregate real-time technologies"
    }
  },
  {
    "id": 10,
    "name": "Clementina DuBuque",
    "username": "Moriah.Stanton",
    "email": "Rey.Padberg@karina.biz",
    "address": {
      "street": "Kattie Turnpike",
      "suite": "Suite 198",
      "city": "Lebsackbury",
      "zipcode": "31428-2261",
      "geo": {
        "lat": "-38.2386",
        "lng": "57.2232"
      }
    },
    "phone": "024-648-3804",
    "website": "ambrose.net",
    "company": {
      "name": "Hoeger LLC",
      "catchPhrase": "Centralized empowering task-force",
      "bs": "target end-to-end models"
    }
  }
]

19:15:51.445 [pool-1-thread-1] DEBUG com.intuit.karate - request:
2 > GET https://jsonplaceholder.typicode.com/users/1
2 > Host: jsonplaceholder.typicode.com
2 > Connection: Keep-Alive
2 > User-Agent: Apache-HttpClient/4.5.14 (Java/17.0.9)
2 > Accept-Encoding: gzip,deflate


19:15:52.151 [pool-1-thread-2] DEBUG com.intuit.karate - response time in milliseconds: 1552
1 < 201
1 < Date: Wed, 21 Feb 2024 13:45:52 GMT
1 < Content-Type: application/json; charset=utf-8
1 < Content-Length: 216
1 < Connection: keep-alive
1 < Report-To: {"group":"heroku-nel","max_age":3600,"endpoints":[{"url":"https://nel.heroku.com/reports?ts=1708523152&sid=e11707d5-02a7-43ef-b45e-2cf4d2036f7d&s=ceVQ3M47rKlw%2F9ZzLrFfwgFzC8g%2FYP7KKdB5U2ioFyw%3D"}]}
1 < Reporting-Endpoints: heroku-nel=https://nel.heroku.com/reports?ts=1708523152&sid=e11707d5-02a7-43ef-b45e-2cf4d2036f7d&s=ceVQ3M47rKlw%2F9ZzLrFfwgFzC8g%2FYP7KKdB5U2ioFyw%3D
1 < Nel: {"report_to":"heroku-nel","max_age":3600,"success_fraction":0.005,"failure_fraction":0.05,"response_headers":["Via"]}
1 < X-Powered-By: Express
1 < X-Ratelimit-Limit: 1000
1 < X-Ratelimit-Remaining: 999
1 < X-Ratelimit-Reset: 1708523201
1 < Vary: Origin, X-HTTP-Method-Override, Accept-Encoding
1 < Access-Control-Allow-Credentials: true
1 < Cache-Control: no-cache
1 < Pragma: no-cache
1 < Expires: -1
1 < Access-Control-Expose-Headers: Location
1 < Location: https://jsonplaceholder.typicode.com/users/11
1 < X-Content-Type-Options: nosniff
1 < Etag: W/"d8-pYV7+YuMGP2hxHPU9ARrf97ifDA"
1 < Via: 1.1 vegur
1 < CF-Cache-Status: DYNAMIC
1 < Server: cloudflare
1 < CF-RAY: 858f6ea00a2a13dc-KUL
1 < alt-svc: h3=":443"; ma=86400
{
  "name": "Test User",
  "username": "testuser",
  "email": "test@user.com",
  "address": {
    "street": "Has No Name",
    "suite": "Apt. 123",
    "city": "Electri",
    "zipcode": "54321-6789"
  },
  "id": 11
}

19:15:52.168 [pool-1-thread-2] INFO  com.intuit.karate - [print] created id is:  11 
19:15:53.001 [pool-1-thread-1] DEBUG com.intuit.karate - response time in milliseconds: 1554
2 < 200
2 < Date: Wed, 21 Feb 2024 13:45:52 GMT
2 < Content-Type: application/json; charset=utf-8
2 < Transfer-Encoding: chunked
2 < Connection: keep-alive
2 < Report-To: {"group":"heroku-nel","max_age":3600,"endpoints":[{"url":"https://nel.heroku.com/reports?ts=1708522955&sid=e11707d5-02a7-43ef-b45e-2cf4d2036f7d&s=HDM79YXWtU7ojJVhDRcUVyx9M%2BlhvdmoU0zxQ%2BOtlNc%3D"}]}
2 < Reporting-Endpoints: heroku-nel=https://nel.heroku.com/reports?ts=1708522955&sid=e11707d5-02a7-43ef-b45e-2cf4d2036f7d&s=HDM79YXWtU7ojJVhDRcUVyx9M%2BlhvdmoU0zxQ%2BOtlNc%3D
2 < Nel: {"report_to":"heroku-nel","max_age":3600,"success_fraction":0.005,"failure_fraction":0.05,"response_headers":["Via"]}
2 < X-Powered-By: Express
2 < X-Ratelimit-Limit: 1000
2 < X-Ratelimit-Remaining: 998
2 < X-Ratelimit-Reset: 1708522961
2 < Vary: Origin, Accept-Encoding
2 < Access-Control-Allow-Credentials: true
2 < Cache-Control: max-age=43200
2 < Pragma: no-cache
2 < Expires: -1
2 < X-Content-Type-Options: nosniff
2 < Etag: W/"1fd-+2Y3G3w049iSZtw5t1mzSnunngE"
2 < Via: 1.1 vegur
2 < CF-Cache-Status: HIT
2 < Age: 197
2 < Server: cloudflare
2 < CF-RAY: 858f6ea9d80a13e1-KUL
2 < alt-svc: h3=":443"; ma=86400
{
  "id": 1,
  "name": "Leanne Graham",
  "username": "Bret",
  "email": "Sincere@april.biz",
  "address": {
    "street": "Kulas Light",
    "suite": "Apt. 556",
    "city": "Gwenborough",
    "zipcode": "92998-3874",
    "geo": {
      "lat": "-37.3159",
      "lng": "81.1496"
    }
  },
  "phone": "1-770-736-8031 x56442",
  "website": "hildegard.org",
  "company": {
    "name": "Romaguera-Crona",
    "catchPhrase": "Multi-layered client-server neural-net",
    "bs": "harness real-time e-markets"
  }
}

19:15:54.094 [pool-2-thread-1] INFO  com.intuit.karate.Suite - <<pass>> feature 1 of 1 (0 remaining) classpath:examples/users/users.feature
19:22:37.389 [main] DEBUG com.intuit.karate.Suite - [config] classpath:karate-config.js
19:22:37.400 [main] INFO  com.intuit.karate.Suite - backed up existing 'target/karate-reports' dir to: target/karate-reports_1708523557393
19:22:37.412 [main] DEBUG com.intuit.karate.Suite - waiting for 2 features to complete
19:22:39.170 [pool-1-thread-4] INFO  com.intuit.karate - karate.env system property was: null 
19:22:39.205 [pool-1-thread-1] INFO  com.intuit.karate - karate.env system property was: null 
19:22:39.220 [pool-1-thread-5] INFO  com.intuit.karate - karate.env system property was: null 
19:22:39.230 [pool-1-thread-2] INFO  com.intuit.karate - karate.env system property was: null 
19:22:39.239 [pool-1-thread-3] INFO  com.intuit.karate - karate.env system property was: null 
19:22:39.621 [pool-1-thread-1] DEBUG com.intuit.karate - request:
1 > GET https://jsonplaceholder.typicode.com/users
1 > Host: jsonplaceholder.typicode.com
1 > Connection: Keep-Alive
1 > User-Agent: Apache-HttpClient/4.5.14 (Java/17.0.9)
1 > Accept-Encoding: gzip,deflate


19:22:39.621 [pool-1-thread-3] DEBUG com.intuit.karate - request:
1 > GET https://restful-booker.herokuapp.com/booking/%7BbookingId%7D
1 > Host: restful-booker.herokuapp.com
1 > Connection: Keep-Alive
1 > User-Agent: Apache-HttpClient/4.5.14 (Java/17.0.9)
1 > Accept-Encoding: gzip,deflate


19:22:39.622 [pool-1-thread-5] DEBUG com.intuit.karate - request:
1 > PUT https://restful-booker.herokuapp.com/booking/%7BbookingId%7D
1 > Content-type: application/json; charset=UTF-8
1 > Content-Length: 168
1 > Host: restful-booker.herokuapp.com
1 > Connection: Keep-Alive
1 > User-Agent: Apache-HttpClient/4.5.14 (Java/17.0.9)
1 > Accept-Encoding: gzip,deflate
{"firstname":"Manasi","lastname":"Patil","totalprice":200,"depositpaid":true,"bookingdates":{"checkin":"2024-02-06","checkout":"2024-02-06"},"additionalneeds":"mobile"}

19:22:39.622 [pool-1-thread-4] DEBUG com.intuit.karate - request:
1 > POST https://restful-booker.herokuapp.com/booking
1 > Content-type: application/json; charset=UTF-8
1 > Content-Length: 171
1 > Host: restful-booker.herokuapp.com
1 > Connection: Keep-Alive
1 > User-Agent: Apache-HttpClient/4.5.14 (Java/17.0.9)
1 > Accept-Encoding: gzip,deflate
{"firstname":"Manasi","lastname":"Patil","totalprice":100,"depositpaid":true,"bookingdates":{"checkin":"2024-02-01","checkout":"2024-02-02"},"additionalneeds":"Breakfast"}

19:22:39.622 [pool-1-thread-2] DEBUG com.intuit.karate - request:
1 > POST https://jsonplaceholder.typicode.com/users
1 > Content-Type: application/json; charset=UTF-8
1 > Content-Length: 160
1 > Host: jsonplaceholder.typicode.com
1 > Connection: Keep-Alive
1 > User-Agent: Apache-HttpClient/4.5.14 (Java/17.0.9)
1 > Accept-Encoding: gzip,deflate
{"name":"Test User","username":"testuser","email":"test@user.com","address":{"street":"Has No Name","suite":"Apt. 123","city":"Electri","zipcode":"54321-6789"}}

19:22:40.708 [pool-1-thread-1] DEBUG com.intuit.karate - response time in milliseconds: 1080
1 < 200
1 < Date: Wed, 21 Feb 2024 13:52:40 GMT
1 < Content-Type: application/json; charset=utf-8
1 < Transfer-Encoding: chunked
1 < Connection: keep-alive
1 < Report-To: {"group":"heroku-nel","max_age":3600,"endpoints":[{"url":"https://nel.heroku.com/reports?ts=1705989600&sid=e11707d5-02a7-43ef-b45e-2cf4d2036f7d&s=5t7QVFT62LoUHODOSazIK%2BcC%2F3eW4AlzIiUshBtM%2FaE%3D"}]}
1 < Reporting-Endpoints: heroku-nel=https://nel.heroku.com/reports?ts=1705989600&sid=e11707d5-02a7-43ef-b45e-2cf4d2036f7d&s=5t7QVFT62LoUHODOSazIK%2BcC%2F3eW4AlzIiUshBtM%2FaE%3D
1 < Nel: {"report_to":"heroku-nel","max_age":3600,"success_fraction":0.005,"failure_fraction":0.05,"response_headers":["Via"]}
1 < X-Powered-By: Express
1 < X-Ratelimit-Limit: 1000
1 < X-Ratelimit-Remaining: 999
1 < X-Ratelimit-Reset: 1705989638
1 < Vary: Origin, Accept-Encoding
1 < Access-Control-Allow-Credentials: true
1 < Cache-Control: max-age=43200
1 < Pragma: no-cache
1 < Expires: -1
1 < X-Content-Type-Options: nosniff
1 < Etag: W/"160d-1eMSsxeJRfnVLRBmYJSbCiJZ1qQ"
1 < Via: 1.1 vegur
1 < CF-Cache-Status: HIT
1 < Age: 24791
1 < Server: cloudflare
1 < CF-RAY: 858f789e3e164082-SIN
1 < alt-svc: h3=":443"; ma=86400
[
  {
    "id": 1,
    "name": "Leanne Graham",
    "username": "Bret",
    "email": "Sincere@april.biz",
    "address": {
      "street": "Kulas Light",
      "suite": "Apt. 556",
      "city": "Gwenborough",
      "zipcode": "92998-3874",
      "geo": {
        "lat": "-37.3159",
        "lng": "81.1496"
      }
    },
    "phone": "1-770-736-8031 x56442",
    "website": "hildegard.org",
    "company": {
      "name": "Romaguera-Crona",
      "catchPhrase": "Multi-layered client-server neural-net",
      "bs": "harness real-time e-markets"
    }
  },
  {
    "id": 2,
    "name": "Ervin Howell",
    "username": "Antonette",
    "email": "Shanna@melissa.tv",
    "address": {
      "street": "Victor Plains",
      "suite": "Suite 879",
      "city": "Wisokyburgh",
      "zipcode": "90566-7771",
      "geo": {
        "lat": "-43.9509",
        "lng": "-34.4618"
      }
    },
    "phone": "010-692-6593 x09125",
    "website": "anastasia.net",
    "company": {
      "name": "Deckow-Crist",
      "catchPhrase": "Proactive didactic contingency",
      "bs": "synergize scalable supply-chains"
    }
  },
  {
    "id": 3,
    "name": "Clementine Bauch",
    "username": "Samantha",
    "email": "Nathan@yesenia.net",
    "address": {
      "street": "Douglas Extension",
      "suite": "Suite 847",
      "city": "McKenziehaven",
      "zipcode": "59590-4157",
      "geo": {
        "lat": "-68.6102",
        "lng": "-47.0653"
      }
    },
    "phone": "1-463-123-4447",
    "website": "ramiro.info",
    "company": {
      "name": "Romaguera-Jacobson",
      "catchPhrase": "Face to face bifurcated interface",
      "bs": "e-enable strategic applications"
    }
  },
  {
    "id": 4,
    "name": "Patricia Lebsack",
    "username": "Karianne",
    "email": "Julianne.OConner@kory.org",
    "address": {
      "street": "Hoeger Mall",
      "suite": "Apt. 692",
      "city": "South Elvis",
      "zipcode": "53919-4257",
      "geo": {
        "lat": "29.4572",
        "lng": "-164.2990"
      }
    },
    "phone": "493-170-9623 x156",
    "website": "kale.biz",
    "company": {
      "name": "Robel-Corkery",
      "catchPhrase": "Multi-tiered zero tolerance productivity",
      "bs": "transition cutting-edge web services"
    }
  },
  {
    "id": 5,
    "name": "Chelsey Dietrich",
    "username": "Kamren",
    "email": "Lucio_Hettinger@annie.ca",
    "address": {
      "street": "Skiles Walks",
      "suite": "Suite 351",
      "city": "Roscoeview",
      "zipcode": "33263",
      "geo": {
        "lat": "-31.8129",
        "lng": "62.5342"
      }
    },
    "phone": "(254)954-1289",
    "website": "demarco.info",
    "company": {
      "name": "Keebler LLC",
      "catchPhrase": "User-centric fault-tolerant solution",
      "bs": "revolutionize end-to-end systems"
    }
  },
  {
    "id": 6,
    "name": "Mrs. Dennis Schulist",
    "username": "Leopoldo_Corkery",
    "email": "Karley_Dach@jasper.info",
    "address": {
      "street": "Norberto Crossing",
      "suite": "Apt. 950",
      "city": "South Christy",
      "zipcode": "23505-1337",
      "geo": {
        "lat": "-71.4197",
        "lng": "71.7478"
      }
    },
    "phone": "1-477-935-8478 x6430",
    "website": "ola.org",
    "company": {
      "name": "Considine-Lockman",
      "catchPhrase": "Synchronised bottom-line interface",
      "bs": "e-enable innovative applications"
    }
  },
  {
    "id": 7,
    "name": "Kurtis Weissnat",
    "username": "Elwyn.Skiles",
    "email": "Telly.Hoeger@billy.biz",
    "address": {
      "street": "Rex Trail",
      "suite": "Suite 280",
      "city": "Howemouth",
      "zipcode": "58804-1099",
      "geo": {
        "lat": "24.8918",
        "lng": "21.8984"
      }
    },
    "phone": "210.067.6132",
    "website": "elvis.io",
    "company": {
      "name": "Johns Group",
      "catchPhrase": "Configurable multimedia task-force",
      "bs": "generate enterprise e-tailers"
    }
  },
  {
    "id": 8,
    "name": "Nicholas Runolfsdottir V",
    "username": "Maxime_Nienow",
    "email": "Sherwood@rosamond.me",
    "address": {
      "street": "Ellsworth Summit",
      "suite": "Suite 729",
      "city": "Aliyaview",
      "zipcode": "45169",
      "geo": {
        "lat": "-14.3990",
        "lng": "-120.7677"
      }
    },
    "phone": "586.493.6943 x140",
    "website": "jacynthe.com",
    "company": {
      "name": "Abernathy Group",
      "catchPhrase": "Implemented secondary concept",
      "bs": "e-enable extensible e-tailers"
    }
  },
  {
    "id": 9,
    "name": "Glenna Reichert",
    "username": "Delphine",
    "email": "Chaim_McDermott@dana.io",
    "address": {
      "street": "Dayna Park",
      "suite": "Suite 449",
      "city": "Bartholomebury",
      "zipcode": "76495-3109",
      "geo": {
        "lat": "24.6463",
        "lng": "-168.8889"
      }
    },
    "phone": "(775)976-6794 x41206",
    "website": "conrad.com",
    "company": {
      "name": "Yost and Sons",
      "catchPhrase": "Switchable contextually-based project",
      "bs": "aggregate real-time technologies"
    }
  },
  {
    "id": 10,
    "name": "Clementina DuBuque",
    "username": "Moriah.Stanton",
    "email": "Rey.Padberg@karina.biz",
    "address": {
      "street": "Kattie Turnpike",
      "suite": "Suite 198",
      "city": "Lebsackbury",
      "zipcode": "31428-2261",
      "geo": {
        "lat": "-38.2386",
        "lng": "57.2232"
      }
    },
    "phone": "024-648-3804",
    "website": "ambrose.net",
    "company": {
      "name": "Hoeger LLC",
      "catchPhrase": "Centralized empowering task-force",
      "bs": "target end-to-end models"
    }
  }
]

19:22:40.734 [pool-1-thread-1] DEBUG com.intuit.karate - request:
2 > GET https://jsonplaceholder.typicode.com/users/1
2 > Host: jsonplaceholder.typicode.com
2 > Connection: Keep-Alive
2 > User-Agent: Apache-HttpClient/4.5.14 (Java/17.0.9)
2 > Accept-Encoding: gzip,deflate


19:22:41.004 [pool-1-thread-1] DEBUG com.intuit.karate - response time in milliseconds: 269
2 < 200
2 < Date: Wed, 21 Feb 2024 13:52:41 GMT
2 < Content-Type: application/json; charset=utf-8
2 < Transfer-Encoding: chunked
2 < Connection: keep-alive
2 < Report-To: {"group":"heroku-nel","max_age":3600,"endpoints":[{"url":"https://nel.heroku.com/reports?ts=1707361908&sid=e11707d5-02a7-43ef-b45e-2cf4d2036f7d&s=vVw%2ByBclT4iYfTOIbsBnYyVFTR0JeZDk2X1iw3sKxD4%3D"}]}
2 < Reporting-Endpoints: heroku-nel=https://nel.heroku.com/reports?ts=1707361908&sid=e11707d5-02a7-43ef-b45e-2cf4d2036f7d&s=vVw%2ByBclT4iYfTOIbsBnYyVFTR0JeZDk2X1iw3sKxD4%3D
2 < Nel: {"report_to":"heroku-nel","max_age":3600,"success_fraction":0.005,"failure_fraction":0.05,"response_headers":["Via"]}
2 < X-Powered-By: Express
2 < X-Ratelimit-Limit: 1000
2 < X-Ratelimit-Remaining: 999
2 < X-Ratelimit-Reset: 1707361962
2 < Vary: Origin, Accept-Encoding
2 < Access-Control-Allow-Credentials: true
2 < Cache-Control: max-age=43200
2 < Pragma: no-cache
2 < Expires: -1
2 < X-Content-Type-Options: nosniff
2 < Etag: W/"1fd-+2Y3G3w049iSZtw5t1mzSnunngE"
2 < Via: 1.1 vegur
2 < CF-Cache-Status: HIT
2 < Age: 202
2 < Server: cloudflare
2 < CF-RAY: 858f78a03fd44ccb-SIN
2 < alt-svc: h3=":443"; ma=86400
{
  "id": 1,
  "name": "Leanne Graham",
  "username": "Bret",
  "email": "Sincere@april.biz",
  "address": {
    "street": "Kulas Light",
    "suite": "Apt. 556",
    "city": "Gwenborough",
    "zipcode": "92998-3874",
    "geo": {
      "lat": "-37.3159",
      "lng": "81.1496"
    }
  },
  "phone": "1-770-736-8031 x56442",
  "website": "hildegard.org",
  "company": {
    "name": "Romaguera-Crona",
    "catchPhrase": "Multi-layered client-server neural-net",
    "bs": "harness real-time e-markets"
  }
}

19:22:41.027 [pool-1-thread-1] INFO  com.intuit.karate - karate.env system property was: null 
19:22:41.038 [pool-1-thread-1] DEBUG com.intuit.karate - request:
1 > PATCH https://restful-booker.herokuapp.com/booking/%7BbookingId%7D
1 > Content-type: application/json; charset=UTF-8
1 > Content-Length: 27
1 > Host: restful-booker.herokuapp.com
1 > Connection: Keep-Alive
1 > User-Agent: Apache-HttpClient/4.5.14 (Java/17.0.9)
1 > Accept-Encoding: gzip,deflate
{"firstname":"LTIMindtree"}

19:22:41.459 [pool-1-thread-2] DEBUG com.intuit.karate - response time in milliseconds: 1835
1 < 201
1 < Date: Wed, 21 Feb 2024 13:52:41 GMT
1 < Content-Type: application/json; charset=utf-8
1 < Content-Length: 216
1 < Connection: keep-alive
1 < Report-To: {"group":"heroku-nel","max_age":3600,"endpoints":[{"url":"https://nel.heroku.com/reports?ts=1708523561&sid=e11707d5-02a7-43ef-b45e-2cf4d2036f7d&s=WzKV7%2F29jAZ8RI%2F7lFdPRJM2p8GK6GDlXTL4nI9G%2B24%3D"}]}
1 < Reporting-Endpoints: heroku-nel=https://nel.heroku.com/reports?ts=1708523561&sid=e11707d5-02a7-43ef-b45e-2cf4d2036f7d&s=WzKV7%2F29jAZ8RI%2F7lFdPRJM2p8GK6GDlXTL4nI9G%2B24%3D
1 < Nel: {"report_to":"heroku-nel","max_age":3600,"success_fraction":0.005,"failure_fraction":0.05,"response_headers":["Via"]}
1 < X-Powered-By: Express
1 < X-Ratelimit-Limit: 1000
1 < X-Ratelimit-Remaining: 999
1 < X-Ratelimit-Reset: 1708523621
1 < Vary: Origin, X-HTTP-Method-Override, Accept-Encoding
1 < Access-Control-Allow-Credentials: true
1 < Cache-Control: no-cache
1 < Pragma: no-cache
1 < Expires: -1
1 < Access-Control-Expose-Headers: Location
1 < Location: https://jsonplaceholder.typicode.com/users/11
1 < X-Content-Type-Options: nosniff
1 < Etag: W/"d8-pYV7+YuMGP2hxHPU9ARrf97ifDA"
1 < Via: 1.1 vegur
1 < CF-Cache-Status: DYNAMIC
1 < Server: cloudflare
1 < CF-RAY: 858f789e4c22018b-SIN
1 < alt-svc: h3=":443"; ma=86400
{
  "name": "Test User",
  "username": "testuser",
  "email": "test@user.com",
  "address": {
    "street": "Has No Name",
    "suite": "Apt. 123",
    "city": "Electri",
    "zipcode": "54321-6789"
  },
  "id": 11
}

19:22:41.479 [pool-1-thread-2] INFO  com.intuit.karate - [print] created id is:  11 
19:22:41.517 [pool-1-thread-2] INFO  com.intuit.karate - karate.env system property was: null 
19:22:41.530 [pool-1-thread-2] DEBUG com.intuit.karate - request:
1 > DELETE https://restful-booker.herokuapp.com/booking/%7BbookingId%7D
1 > Content-type: application/json
1 > Host: restful-booker.herokuapp.com
1 > Connection: Keep-Alive
1 > User-Agent: Apache-HttpClient/4.5.14 (Java/17.0.9)
1 > Accept-Encoding: gzip,deflate


19:22:41.571 [pool-1-thread-3] DEBUG com.intuit.karate - response time in milliseconds: 1948
1 < 404
1 < Server: Cowboy
1 < Report-To: {"group":"heroku-nel","max_age":3600,"endpoints":[{"url":"https://nel.heroku.com/reports?ts=1708523561&sid=c46efe9b-d3d2-4a0c-8c76-bfafa16c5add&s=Rau3vb%2FBFFxFjYcxLVCiQewLj2pMaURAwhfXjY6ZKnY%3D"}]}
1 < Reporting-Endpoints: heroku-nel=https://nel.heroku.com/reports?ts=1708523561&sid=c46efe9b-d3d2-4a0c-8c76-bfafa16c5add&s=Rau3vb%2FBFFxFjYcxLVCiQewLj2pMaURAwhfXjY6ZKnY%3D
1 < Nel: {"report_to":"heroku-nel","max_age":3600,"success_fraction":0.005,"failure_fraction":0.05,"response_headers":["Via"]}
1 < Connection: keep-alive
1 < X-Powered-By: Express
1 < Content-Type: text/plain; charset=utf-8
1 < Content-Length: 9
1 < Etag: W/"9-0gXL1ngzMqISxa6S1zx3F4wtLyg"
1 < Date: Wed, 21 Feb 2024 13:52:41 GMT
1 < Via: 1.1 vegur
Not Found

19:22:41.571 [pool-1-thread-4] DEBUG com.intuit.karate - response time in milliseconds: 1948
1 < 418
1 < Server: Cowboy
1 < Report-To: {"group":"heroku-nel","max_age":3600,"endpoints":[{"url":"https://nel.heroku.com/reports?ts=1708523561&sid=c46efe9b-d3d2-4a0c-8c76-bfafa16c5add&s=Rau3vb%2FBFFxFjYcxLVCiQewLj2pMaURAwhfXjY6ZKnY%3D"}]}
1 < Reporting-Endpoints: heroku-nel=https://nel.heroku.com/reports?ts=1708523561&sid=c46efe9b-d3d2-4a0c-8c76-bfafa16c5add&s=Rau3vb%2FBFFxFjYcxLVCiQewLj2pMaURAwhfXjY6ZKnY%3D
1 < Nel: {"report_to":"heroku-nel","max_age":3600,"success_fraction":0.005,"failure_fraction":0.05,"response_headers":["Via"]}
1 < Connection: keep-alive
1 < X-Powered-By: Express
1 < Content-Type: text/plain; charset=utf-8
1 < Content-Length: 12
1 < Etag: W/"c-2UDTmC4hdG5PUA+z8oDkrgejuV8"
1 < Date: Wed, 21 Feb 2024 13:52:41 GMT
1 < Via: 1.1 vegur
I'm a Teapot

19:22:41.585 [pool-1-thread-4] ERROR com.intuit.karate - classpath:examples/users/wu.feature:18
Then status 200
status code was: 418, expected: 200, response time in milliseconds: 1948, url: https://restful-booker.herokuapp.com/booking, response: 
I'm a Teapot
classpath:examples/users/wu.feature:18
19:22:41.585 [pool-1-thread-3] ERROR com.intuit.karate - classpath:examples/users/wu.feature:10
Then status 200
status code was: 404, expected: 200, response time in milliseconds: 1948, url: https://restful-booker.herokuapp.com/booking/%7BbookingId%7D, response: 
Not Found
classpath:examples/users/wu.feature:10
19:22:41.599 [pool-1-thread-5] DEBUG com.intuit.karate - response time in milliseconds: 1976
1 < 403
1 < Server: Cowboy
1 < Report-To: {"group":"heroku-nel","max_age":3600,"endpoints":[{"url":"https://nel.heroku.com/reports?ts=1708523561&sid=c46efe9b-d3d2-4a0c-8c76-bfafa16c5add&s=Rau3vb%2FBFFxFjYcxLVCiQewLj2pMaURAwhfXjY6ZKnY%3D"}]}
1 < Reporting-Endpoints: heroku-nel=https://nel.heroku.com/reports?ts=1708523561&sid=c46efe9b-d3d2-4a0c-8c76-bfafa16c5add&s=Rau3vb%2FBFFxFjYcxLVCiQewLj2pMaURAwhfXjY6ZKnY%3D
1 < Nel: {"report_to":"heroku-nel","max_age":3600,"success_fraction":0.005,"failure_fraction":0.05,"response_headers":["Via"]}
1 < Connection: keep-alive
1 < X-Powered-By: Express
1 < Content-Type: text/plain; charset=utf-8
1 < Content-Length: 9
1 < Etag: W/"9-PatfYBLj4Um1qTm5zrukoLhNyPU"
1 < Date: Wed, 21 Feb 2024 13:52:41 GMT
1 < Via: 1.1 vegur
Forbidden

19:22:41.611 [pool-1-thread-5] ERROR com.intuit.karate - classpath:examples/users/wu.feature:31
Then status 200
status code was: 403, expected: 200, response time in milliseconds: 1976, url: https://restful-booker.herokuapp.com/booking/%7BbookingId%7D, response: 
Forbidden
classpath:examples/users/wu.feature:31
19:22:42.265 [pool-1-thread-1] DEBUG com.intuit.karate - response time in milliseconds: 1221
1 < 403
1 < Server: Cowboy
1 < Report-To: {"group":"heroku-nel","max_age":3600,"endpoints":[{"url":"https://nel.heroku.com/reports?ts=1708523562&sid=c46efe9b-d3d2-4a0c-8c76-bfafa16c5add&s=C49NFNlBxuXPWJi25CRFV6PAWSJq3EW8dld%2BGs%2BV3eg%3D"}]}
1 < Reporting-Endpoints: heroku-nel=https://nel.heroku.com/reports?ts=1708523562&sid=c46efe9b-d3d2-4a0c-8c76-bfafa16c5add&s=C49NFNlBxuXPWJi25CRFV6PAWSJq3EW8dld%2BGs%2BV3eg%3D
1 < Nel: {"report_to":"heroku-nel","max_age":3600,"success_fraction":0.005,"failure_fraction":0.05,"response_headers":["Via"]}
1 < Connection: keep-alive
1 < X-Powered-By: Express
1 < Content-Type: text/plain; charset=utf-8
1 < Content-Length: 9
1 < Etag: W/"9-PatfYBLj4Um1qTm5zrukoLhNyPU"
1 < Date: Wed, 21 Feb 2024 13:52:42 GMT
1 < Via: 1.1 vegur
Forbidden

19:22:42.287 [pool-1-thread-1] ERROR com.intuit.karate - classpath:examples/users/wu.feature:41
Then status 200
status code was: 403, expected: 200, response time in milliseconds: 1221, url: https://restful-booker.herokuapp.com/booking/%7BbookingId%7D, response: 
Forbidden
classpath:examples/users/wu.feature:41
19:22:42.470 [pool-1-thread-2] DEBUG com.intuit.karate - response time in milliseconds: 936
1 < 403
1 < Server: Cowboy
1 < Report-To: {"group":"heroku-nel","max_age":3600,"endpoints":[{"url":"https://nel.heroku.com/reports?ts=1708523562&sid=c46efe9b-d3d2-4a0c-8c76-bfafa16c5add&s=C49NFNlBxuXPWJi25CRFV6PAWSJq3EW8dld%2BGs%2BV3eg%3D"}]}
1 < Reporting-Endpoints: heroku-nel=https://nel.heroku.com/reports?ts=1708523562&sid=c46efe9b-d3d2-4a0c-8c76-bfafa16c5add&s=C49NFNlBxuXPWJi25CRFV6PAWSJq3EW8dld%2BGs%2BV3eg%3D
1 < Nel: {"report_to":"heroku-nel","max_age":3600,"success_fraction":0.005,"failure_fraction":0.05,"response_headers":["Via"]}
1 < Connection: keep-alive
1 < X-Powered-By: Express
1 < Content-Type: text/plain; charset=utf-8
1 < Content-Length: 9
1 < Etag: W/"9-PatfYBLj4Um1qTm5zrukoLhNyPU"
1 < Date: Wed, 21 Feb 2024 13:52:42 GMT
1 < Via: 1.1 vegur
Forbidden

19:22:42.488 [pool-1-thread-2] ERROR com.intuit.karate - classpath:examples/users/wu.feature:50
Then status 201
status code was: 403, expected: 201, response time in milliseconds: 936, url: https://restful-booker.herokuapp.com/booking/%7BbookingId%7D, response: 
Forbidden
classpath:examples/users/wu.feature:50
19:22:42.750 [pool-2-thread-1] INFO  com.intuit.karate.Suite - <<pass>> feature 1 of 2 (1 remaining) classpath:examples/users/users.feature
19:22:43.103 [pool-2-thread-1] INFO  com.intuit.karate.Suite - <<fail>> feature 2 of 2 (0 remaining) classpath:examples/users/wu.feature
19:24:22.415 [main] DEBUG com.intuit.karate.Suite - [config] classpath:karate-config.js
19:24:22.428 [main] INFO  com.intuit.karate.Suite - backed up existing 'target/karate-reports' dir to: target/karate-reports_1708523662419
19:24:22.444 [main] DEBUG com.intuit.karate.Suite - waiting for 2 features to complete
19:24:24.195 [pool-1-thread-5] INFO  com.intuit.karate - karate.env system property was: null 
19:24:24.224 [pool-1-thread-2] INFO  com.intuit.karate - karate.env system property was: null 
19:24:24.229 [pool-1-thread-3] INFO  com.intuit.karate - karate.env system property was: null 
19:24:24.246 [pool-1-thread-4] INFO  com.intuit.karate - karate.env system property was: null 
19:24:24.254 [pool-1-thread-1] INFO  com.intuit.karate - karate.env system property was: null 
19:24:24.604 [pool-1-thread-1] DEBUG com.intuit.karate - request:
1 > GET https://jsonplaceholder.typicode.com/users
1 > Host: jsonplaceholder.typicode.com
1 > Connection: Keep-Alive
1 > User-Agent: Apache-HttpClient/4.5.14 (Java/17.0.9)
1 > Accept-Encoding: gzip,deflate


19:24:24.605 [pool-1-thread-2] DEBUG com.intuit.karate - request:
1 > POST https://jsonplaceholder.typicode.com/users
1 > Content-Type: application/json; charset=UTF-8
1 > Content-Length: 160
1 > Host: jsonplaceholder.typicode.com
1 > Connection: Keep-Alive
1 > User-Agent: Apache-HttpClient/4.5.14 (Java/17.0.9)
1 > Accept-Encoding: gzip,deflate
{"name":"Test User","username":"testuser","email":"test@user.com","address":{"street":"Has No Name","suite":"Apt. 123","city":"Electri","zipcode":"54321-6789"}}

19:24:24.604 [pool-1-thread-3] DEBUG com.intuit.karate - request:
1 > GET https://restful-booker.herokuapp.com/booking/%7BbookingId%7D
1 > Host: restful-booker.herokuapp.com
1 > Connection: Keep-Alive
1 > User-Agent: Apache-HttpClient/4.5.14 (Java/17.0.9)
1 > Accept-Encoding: gzip,deflate


19:24:24.605 [pool-1-thread-4] DEBUG com.intuit.karate - request:
1 > POST https://restful-booker.herokuapp.com/booking
1 > Content-type: application/json; charset=UTF-8
1 > Content-Length: 175
1 > Host: restful-booker.herokuapp.com
1 > Connection: Keep-Alive
1 > User-Agent: Apache-HttpClient/4.5.14 (Java/17.0.9)
1 > Accept-Encoding: gzip,deflate
{"firstname":"Shaik","lastname":"Hasansaheb","totalprice":100,"depositpaid":true,"bookingdates":{"checkin":"2024-02-01","checkout":"2024-02-02"},"additionalneeds":"Breakfast"}

19:24:24.605 [pool-1-thread-5] DEBUG com.intuit.karate - request:
1 > PUT https://restful-booker.herokuapp.com/booking/%7BbookingId%7D
1 > Content-type: application/json; charset=UTF-8
1 > Content-Length: 172
1 > Host: restful-booker.herokuapp.com
1 > Connection: Keep-Alive
1 > User-Agent: Apache-HttpClient/4.5.14 (Java/17.0.9)
1 > Accept-Encoding: gzip,deflate
{"firstname":"Shaik","lastname":"Hasansaheb","totalprice":200,"depositpaid":true,"bookingdates":{"checkin":"2024-02-06","checkout":"2024-02-06"},"additionalneeds":"mobile"}

19:24:25.637 [pool-1-thread-1] DEBUG com.intuit.karate - response time in milliseconds: 1025
1 < 200
1 < Date: Wed, 21 Feb 2024 13:54:25 GMT
1 < Content-Type: application/json; charset=utf-8
1 < Transfer-Encoding: chunked
1 < Connection: keep-alive
1 < Report-To: {"group":"heroku-nel","max_age":3600,"endpoints":[{"url":"https://nel.heroku.com/reports?ts=1707751471&sid=e11707d5-02a7-43ef-b45e-2cf4d2036f7d&s=3APSgWwRAVYjhhzzdus4JGseUC9yHLBbPb%2B0l10Eg9k%3D"}]}
1 < Reporting-Endpoints: heroku-nel=https://nel.heroku.com/reports?ts=1707751471&sid=e11707d5-02a7-43ef-b45e-2cf4d2036f7d&s=3APSgWwRAVYjhhzzdus4JGseUC9yHLBbPb%2B0l10Eg9k%3D
1 < Nel: {"report_to":"heroku-nel","max_age":3600,"success_fraction":0.005,"failure_fraction":0.05,"response_headers":["Via"]}
1 < X-Powered-By: Express
1 < X-Ratelimit-Limit: 1000
1 < X-Ratelimit-Remaining: 999
1 < X-Ratelimit-Reset: 1707751475
1 < Vary: Origin, Accept-Encoding
1 < Access-Control-Allow-Credentials: true
1 < Cache-Control: max-age=43200
1 < Pragma: no-cache
1 < Expires: -1
1 < X-Content-Type-Options: nosniff
1 < Etag: W/"160d-1eMSsxeJRfnVLRBmYJSbCiJZ1qQ"
1 < Via: 1.1 vegur
1 < CF-Cache-Status: HIT
1 < Age: 12386
1 < Server: cloudflare
1 < CF-RAY: 858f7b2e09b49f74-SIN
1 < alt-svc: h3=":443"; ma=86400
[
  {
    "id": 1,
    "name": "Leanne Graham",
    "username": "Bret",
    "email": "Sincere@april.biz",
    "address": {
      "street": "Kulas Light",
      "suite": "Apt. 556",
      "city": "Gwenborough",
      "zipcode": "92998-3874",
      "geo": {
        "lat": "-37.3159",
        "lng": "81.1496"
      }
    },
    "phone": "1-770-736-8031 x56442",
    "website": "hildegard.org",
    "company": {
      "name": "Romaguera-Crona",
      "catchPhrase": "Multi-layered client-server neural-net",
      "bs": "harness real-time e-markets"
    }
  },
  {
    "id": 2,
    "name": "Ervin Howell",
    "username": "Antonette",
    "email": "Shanna@melissa.tv",
    "address": {
      "street": "Victor Plains",
      "suite": "Suite 879",
      "city": "Wisokyburgh",
      "zipcode": "90566-7771",
      "geo": {
        "lat": "-43.9509",
        "lng": "-34.4618"
      }
    },
    "phone": "010-692-6593 x09125",
    "website": "anastasia.net",
    "company": {
      "name": "Deckow-Crist",
      "catchPhrase": "Proactive didactic contingency",
      "bs": "synergize scalable supply-chains"
    }
  },
  {
    "id": 3,
    "name": "Clementine Bauch",
    "username": "Samantha",
    "email": "Nathan@yesenia.net",
    "address": {
      "street": "Douglas Extension",
      "suite": "Suite 847",
      "city": "McKenziehaven",
      "zipcode": "59590-4157",
      "geo": {
        "lat": "-68.6102",
        "lng": "-47.0653"
      }
    },
    "phone": "1-463-123-4447",
    "website": "ramiro.info",
    "company": {
      "name": "Romaguera-Jacobson",
      "catchPhrase": "Face to face bifurcated interface",
      "bs": "e-enable strategic applications"
    }
  },
  {
    "id": 4,
    "name": "Patricia Lebsack",
    "username": "Karianne",
    "email": "Julianne.OConner@kory.org",
    "address": {
      "street": "Hoeger Mall",
      "suite": "Apt. 692",
      "city": "South Elvis",
      "zipcode": "53919-4257",
      "geo": {
        "lat": "29.4572",
        "lng": "-164.2990"
      }
    },
    "phone": "493-170-9623 x156",
    "website": "kale.biz",
    "company": {
      "name": "Robel-Corkery",
      "catchPhrase": "Multi-tiered zero tolerance productivity",
      "bs": "transition cutting-edge web services"
    }
  },
  {
    "id": 5,
    "name": "Chelsey Dietrich",
    "username": "Kamren",
    "email": "Lucio_Hettinger@annie.ca",
    "address": {
      "street": "Skiles Walks",
      "suite": "Suite 351",
      "city": "Roscoeview",
      "zipcode": "33263",
      "geo": {
        "lat": "-31.8129",
        "lng": "62.5342"
      }
    },
    "phone": "(254)954-1289",
    "website": "demarco.info",
    "company": {
      "name": "Keebler LLC",
      "catchPhrase": "User-centric fault-tolerant solution",
      "bs": "revolutionize end-to-end systems"
    }
  },
  {
    "id": 6,
    "name": "Mrs. Dennis Schulist",
    "username": "Leopoldo_Corkery",
    "email": "Karley_Dach@jasper.info",
    "address": {
      "street": "Norberto Crossing",
      "suite": "Apt. 950",
      "city": "South Christy",
      "zipcode": "23505-1337",
      "geo": {
        "lat": "-71.4197",
        "lng": "71.7478"
      }
    },
    "phone": "1-477-935-8478 x6430",
    "website": "ola.org",
    "company": {
      "name": "Considine-Lockman",
      "catchPhrase": "Synchronised bottom-line interface",
      "bs": "e-enable innovative applications"
    }
  },
  {
    "id": 7,
    "name": "Kurtis Weissnat",
    "username": "Elwyn.Skiles",
    "email": "Telly.Hoeger@billy.biz",
    "address": {
      "street": "Rex Trail",
      "suite": "Suite 280",
      "city": "Howemouth",
      "zipcode": "58804-1099",
      "geo": {
        "lat": "24.8918",
        "lng": "21.8984"
      }
    },
    "phone": "210.067.6132",
    "website": "elvis.io",
    "company": {
      "name": "Johns Group",
      "catchPhrase": "Configurable multimedia task-force",
      "bs": "generate enterprise e-tailers"
    }
  },
  {
    "id": 8,
    "name": "Nicholas Runolfsdottir V",
    "username": "Maxime_Nienow",
    "email": "Sherwood@rosamond.me",
    "address": {
      "street": "Ellsworth Summit",
      "suite": "Suite 729",
      "city": "Aliyaview",
      "zipcode": "45169",
      "geo": {
        "lat": "-14.3990",
        "lng": "-120.7677"
      }
    },
    "phone": "586.493.6943 x140",
    "website": "jacynthe.com",
    "company": {
      "name": "Abernathy Group",
      "catchPhrase": "Implemented secondary concept",
      "bs": "e-enable extensible e-tailers"
    }
  },
  {
    "id": 9,
    "name": "Glenna Reichert",
    "username": "Delphine",
    "email": "Chaim_McDermott@dana.io",
    "address": {
      "street": "Dayna Park",
      "suite": "Suite 449",
      "city": "Bartholomebury",
      "zipcode": "76495-3109",
      "geo": {
        "lat": "24.6463",
        "lng": "-168.8889"
      }
    },
    "phone": "(775)976-6794 x41206",
    "website": "conrad.com",
    "company": {
      "name": "Yost and Sons",
      "catchPhrase": "Switchable contextually-based project",
      "bs": "aggregate real-time technologies"
    }
  },
  {
    "id": 10,
    "name": "Clementina DuBuque",
    "username": "Moriah.Stanton",
    "email": "Rey.Padberg@karina.biz",
    "address": {
      "street": "Kattie Turnpike",
      "suite": "Suite 198",
      "city": "Lebsackbury",
      "zipcode": "31428-2261",
      "geo": {
        "lat": "-38.2386",
        "lng": "57.2232"
      }
    },
    "phone": "024-648-3804",
    "website": "ambrose.net",
    "company": {
      "name": "Hoeger LLC",
      "catchPhrase": "Centralized empowering task-force",
      "bs": "target end-to-end models"
    }
  }
]

19:24:25.669 [pool-1-thread-1] DEBUG com.intuit.karate - request:
2 > GET https://jsonplaceholder.typicode.com/users/1
2 > Host: jsonplaceholder.typicode.com
2 > Connection: Keep-Alive
2 > User-Agent: Apache-HttpClient/4.5.14 (Java/17.0.9)
2 > Accept-Encoding: gzip,deflate


19:24:25.881 [pool-1-thread-2] DEBUG com.intuit.karate - response time in milliseconds: 1276
1 < 201
1 < Date: Wed, 21 Feb 2024 13:54:25 GMT
1 < Content-Type: application/json; charset=utf-8
1 < Content-Length: 216
1 < Connection: keep-alive
1 < Report-To: {"group":"heroku-nel","max_age":3600,"endpoints":[{"url":"https://nel.heroku.com/reports?ts=1708523665&sid=e11707d5-02a7-43ef-b45e-2cf4d2036f7d&s=ztmNq03pD8xVU%2B6poXlyXSm5TN3UyH3NwuGdMgRxYLk%3D"}]}
1 < Reporting-Endpoints: heroku-nel=https://nel.heroku.com/reports?ts=1708523665&sid=e11707d5-02a7-43ef-b45e-2cf4d2036f7d&s=ztmNq03pD8xVU%2B6poXlyXSm5TN3UyH3NwuGdMgRxYLk%3D
1 < Nel: {"report_to":"heroku-nel","max_age":3600,"success_fraction":0.005,"failure_fraction":0.05,"response_headers":["Via"]}
1 < X-Powered-By: Express
1 < X-Ratelimit-Limit: 1000
1 < X-Ratelimit-Remaining: 999
1 < X-Ratelimit-Reset: 1708523681
1 < Vary: Origin, X-HTTP-Method-Override, Accept-Encoding
1 < Access-Control-Allow-Credentials: true
1 < Cache-Control: no-cache
1 < Pragma: no-cache
1 < Expires: -1
1 < Access-Control-Expose-Headers: Location
1 < Location: https://jsonplaceholder.typicode.com/users/11
1 < X-Content-Type-Options: nosniff
1 < Etag: W/"d8-pYV7+YuMGP2hxHPU9ARrf97ifDA"
1 < Via: 1.1 vegur
1 < CF-Cache-Status: DYNAMIC
1 < Server: cloudflare
1 < CF-RAY: 858f7b2e0d6c8369-SIN
1 < alt-svc: h3=":443"; ma=86400
{
  "name": "Test User",
  "username": "testuser",
  "email": "test@user.com",
  "address": {
    "street": "Has No Name",
    "suite": "Apt. 123",
    "city": "Electri",
    "zipcode": "54321-6789"
  },
  "id": 11
}

19:24:25.891 [pool-1-thread-2] INFO  com.intuit.karate - [print] created id is:  11 
19:24:25.912 [pool-1-thread-2] INFO  com.intuit.karate - karate.env system property was: null 
19:24:25.928 [pool-1-thread-2] DEBUG com.intuit.karate - request:
1 > PATCH https://restful-booker.herokuapp.com/booking/%7BbookingId%7D
1 > Content-type: application/json; charset=UTF-8
1 > Content-Length: 27
1 > Host: restful-booker.herokuapp.com
1 > Connection: Keep-Alive
1 > User-Agent: Apache-HttpClient/4.5.14 (Java/17.0.9)
1 > Accept-Encoding: gzip,deflate
{"firstname":"LTIMindtree"}

19:24:26.426 [pool-1-thread-3] DEBUG com.intuit.karate - response time in milliseconds: 1818
1 < 404
1 < Server: Cowboy
1 < Report-To: {"group":"heroku-nel","max_age":3600,"endpoints":[{"url":"https://nel.heroku.com/reports?ts=1708523666&sid=c46efe9b-d3d2-4a0c-8c76-bfafa16c5add&s=s7ajrSTXF%2F5HGP8gtpFpgB8p%2FR5B4m5WtjwckAM83gA%3D"}]}
1 < Reporting-Endpoints: heroku-nel=https://nel.heroku.com/reports?ts=1708523666&sid=c46efe9b-d3d2-4a0c-8c76-bfafa16c5add&s=s7ajrSTXF%2F5HGP8gtpFpgB8p%2FR5B4m5WtjwckAM83gA%3D
1 < Nel: {"report_to":"heroku-nel","max_age":3600,"success_fraction":0.005,"failure_fraction":0.05,"response_headers":["Via"]}
1 < Connection: keep-alive
1 < X-Powered-By: Express
1 < Content-Type: text/plain; charset=utf-8
1 < Content-Length: 9
1 < Etag: W/"9-0gXL1ngzMqISxa6S1zx3F4wtLyg"
1 < Date: Wed, 21 Feb 2024 13:54:26 GMT
1 < Via: 1.1 vegur
Not Found

19:24:26.426 [pool-1-thread-4] DEBUG com.intuit.karate - response time in milliseconds: 1818
1 < 418
1 < Server: Cowboy
1 < Report-To: {"group":"heroku-nel","max_age":3600,"endpoints":[{"url":"https://nel.heroku.com/reports?ts=1708523666&sid=c46efe9b-d3d2-4a0c-8c76-bfafa16c5add&s=s7ajrSTXF%2F5HGP8gtpFpgB8p%2FR5B4m5WtjwckAM83gA%3D"}]}
1 < Reporting-Endpoints: heroku-nel=https://nel.heroku.com/reports?ts=1708523666&sid=c46efe9b-d3d2-4a0c-8c76-bfafa16c5add&s=s7ajrSTXF%2F5HGP8gtpFpgB8p%2FR5B4m5WtjwckAM83gA%3D
1 < Nel: {"report_to":"heroku-nel","max_age":3600,"success_fraction":0.005,"failure_fraction":0.05,"response_headers":["Via"]}
1 < Connection: keep-alive
1 < X-Powered-By: Express
1 < Content-Type: text/plain; charset=utf-8
1 < Content-Length: 12
1 < Etag: W/"c-2UDTmC4hdG5PUA+z8oDkrgejuV8"
1 < Date: Wed, 21 Feb 2024 13:54:26 GMT
1 < Via: 1.1 vegur
I'm a Teapot

19:24:26.426 [pool-1-thread-5] DEBUG com.intuit.karate - response time in milliseconds: 1818
1 < 403
1 < Server: Cowboy
1 < Report-To: {"group":"heroku-nel","max_age":3600,"endpoints":[{"url":"https://nel.heroku.com/reports?ts=1708523666&sid=c46efe9b-d3d2-4a0c-8c76-bfafa16c5add&s=s7ajrSTXF%2F5HGP8gtpFpgB8p%2FR5B4m5WtjwckAM83gA%3D"}]}
1 < Reporting-Endpoints: heroku-nel=https://nel.heroku.com/reports?ts=1708523666&sid=c46efe9b-d3d2-4a0c-8c76-bfafa16c5add&s=s7ajrSTXF%2F5HGP8gtpFpgB8p%2FR5B4m5WtjwckAM83gA%3D
1 < Nel: {"report_to":"heroku-nel","max_age":3600,"success_fraction":0.005,"failure_fraction":0.05,"response_headers":["Via"]}
1 < Connection: keep-alive
1 < X-Powered-By: Express
1 < Content-Type: text/plain; charset=utf-8
1 < Content-Length: 9
1 < Etag: W/"9-PatfYBLj4Um1qTm5zrukoLhNyPU"
1 < Date: Wed, 21 Feb 2024 13:54:26 GMT
1 < Via: 1.1 vegur
Forbidden

19:24:26.520 [pool-1-thread-3] ERROR com.intuit.karate - classpath:examples/users/wu.feature:10
Then status 200
status code was: 404, expected: 200, response time in milliseconds: 1818, url: https://restful-booker.herokuapp.com/booking/%7BbookingId%7D, response: 
Not Found
classpath:examples/users/wu.feature:10
19:24:26.520 [pool-1-thread-4] ERROR com.intuit.karate - classpath:examples/users/wu.feature:18
Then status 200
status code was: 418, expected: 200, response time in milliseconds: 1818, url: https://restful-booker.herokuapp.com/booking, response: 
I'm a Teapot
classpath:examples/users/wu.feature:18
19:24:26.520 [pool-1-thread-5] ERROR com.intuit.karate - classpath:examples/users/wu.feature:31
Then status 200
status code was: 403, expected: 200, response time in milliseconds: 1818, url: https://restful-booker.herokuapp.com/booking/%7BbookingId%7D, response: 
Forbidden
classpath:examples/users/wu.feature:31
19:24:26.553 [pool-1-thread-3] INFO  com.intuit.karate - karate.env system property was: null 
19:24:26.573 [pool-1-thread-3] DEBUG com.intuit.karate - request:
1 > DELETE https://restful-booker.herokuapp.com/booking/%7BbookingId%7D
1 > Content-type: application/json
1 > Host: restful-booker.herokuapp.com
1 > Connection: Keep-Alive
1 > User-Agent: Apache-HttpClient/4.5.14 (Java/17.0.9)
1 > Accept-Encoding: gzip,deflate


19:24:26.738 [pool-1-thread-1] DEBUG com.intuit.karate - response time in milliseconds: 1069
2 < 200
2 < Date: Wed, 21 Feb 2024 13:54:26 GMT
2 < Content-Type: application/json; charset=utf-8
2 < Transfer-Encoding: chunked
2 < Connection: keep-alive
2 < Report-To: {"group":"heroku-nel","max_age":3600,"endpoints":[{"url":"https://nel.heroku.com/reports?ts=1707754258&sid=e11707d5-02a7-43ef-b45e-2cf4d2036f7d&s=oceaGRSPZzLs6SHt3Gu2u8Pl9qRYuSMcVX707ul1c64%3D"}]}
2 < Reporting-Endpoints: heroku-nel=https://nel.heroku.com/reports?ts=1707754258&sid=e11707d5-02a7-43ef-b45e-2cf4d2036f7d&s=oceaGRSPZzLs6SHt3Gu2u8Pl9qRYuSMcVX707ul1c64%3D
2 < Nel: {"report_to":"heroku-nel","max_age":3600,"success_fraction":0.005,"failure_fraction":0.05,"response_headers":["Via"]}
2 < X-Powered-By: Express
2 < X-Ratelimit-Limit: 1000
2 < X-Ratelimit-Remaining: 998
2 < X-Ratelimit-Reset: 1707754295
2 < Vary: Origin, Accept-Encoding
2 < Access-Control-Allow-Credentials: true
2 < Cache-Control: max-age=43200
2 < Pragma: no-cache
2 < Expires: -1
2 < X-Content-Type-Options: nosniff
2 < Etag: W/"1fd-+2Y3G3w049iSZtw5t1mzSnunngE"
2 < Via: 1.1 vegur
2 < CF-Cache-Status: REVALIDATED
2 < Server: cloudflare
2 < CF-RAY: 858f7b301f0840ec-SIN
2 < alt-svc: h3=":443"; ma=86400
{
  "id": 1,
  "name": "Leanne Graham",
  "username": "Bret",
  "email": "Sincere@april.biz",
  "address": {
    "street": "Kulas Light",
    "suite": "Apt. 556",
    "city": "Gwenborough",
    "zipcode": "92998-3874",
    "geo": {
      "lat": "-37.3159",
      "lng": "81.1496"
    }
  },
  "phone": "1-770-736-8031 x56442",
  "website": "hildegard.org",
  "company": {
    "name": "Romaguera-Crona",
    "catchPhrase": "Multi-layered client-server neural-net",
    "bs": "harness real-time e-markets"
  }
}

19:24:27.209 [pool-1-thread-2] DEBUG com.intuit.karate - response time in milliseconds: 1274
1 < 403
1 < Server: Cowboy
1 < Report-To: {"group":"heroku-nel","max_age":3600,"endpoints":[{"url":"https://nel.heroku.com/reports?ts=1708523667&sid=c46efe9b-d3d2-4a0c-8c76-bfafa16c5add&s=033E5gPnU1quu3k4urvtfCGrlXPHML%2F1CvsSTlnNhB0%3D"}]}
1 < Reporting-Endpoints: heroku-nel=https://nel.heroku.com/reports?ts=1708523667&sid=c46efe9b-d3d2-4a0c-8c76-bfafa16c5add&s=033E5gPnU1quu3k4urvtfCGrlXPHML%2F1CvsSTlnNhB0%3D
1 < Nel: {"report_to":"heroku-nel","max_age":3600,"success_fraction":0.005,"failure_fraction":0.05,"response_headers":["Via"]}
1 < Connection: keep-alive
1 < X-Powered-By: Express
1 < Content-Type: text/plain; charset=utf-8
1 < Content-Length: 9
1 < Etag: W/"9-PatfYBLj4Um1qTm5zrukoLhNyPU"
1 < Date: Wed, 21 Feb 2024 13:54:27 GMT
1 < Via: 1.1 vegur
Forbidden

19:24:27.227 [pool-1-thread-2] ERROR com.intuit.karate - classpath:examples/users/wu.feature:41
Then status 200
status code was: 403, expected: 200, response time in milliseconds: 1274, url: https://restful-booker.herokuapp.com/booking/%7BbookingId%7D, response: 
Forbidden
classpath:examples/users/wu.feature:41
19:24:27.535 [pool-1-thread-3] DEBUG com.intuit.karate - response time in milliseconds: 958
1 < 403
1 < Server: Cowboy
1 < Report-To: {"group":"heroku-nel","max_age":3600,"endpoints":[{"url":"https://nel.heroku.com/reports?ts=1708523667&sid=c46efe9b-d3d2-4a0c-8c76-bfafa16c5add&s=033E5gPnU1quu3k4urvtfCGrlXPHML%2F1CvsSTlnNhB0%3D"}]}
1 < Reporting-Endpoints: heroku-nel=https://nel.heroku.com/reports?ts=1708523667&sid=c46efe9b-d3d2-4a0c-8c76-bfafa16c5add&s=033E5gPnU1quu3k4urvtfCGrlXPHML%2F1CvsSTlnNhB0%3D
1 < Nel: {"report_to":"heroku-nel","max_age":3600,"success_fraction":0.005,"failure_fraction":0.05,"response_headers":["Via"]}
1 < Connection: keep-alive
1 < X-Powered-By: Express
1 < Content-Type: text/plain; charset=utf-8
1 < Content-Length: 9
1 < Etag: W/"9-PatfYBLj4Um1qTm5zrukoLhNyPU"
1 < Date: Wed, 21 Feb 2024 13:54:27 GMT
1 < Via: 1.1 vegur
Forbidden

19:24:27.550 [pool-1-thread-3] ERROR com.intuit.karate - classpath:examples/users/wu.feature:50
Then status 201
status code was: 403, expected: 201, response time in milliseconds: 958, url: https://restful-booker.herokuapp.com/booking/%7BbookingId%7D, response: 
Forbidden
classpath:examples/users/wu.feature:50
19:24:27.893 [pool-2-thread-1] INFO  com.intuit.karate.Suite - <<pass>> feature 1 of 2 (1 remaining) classpath:examples/users/users.feature
19:24:28.264 [pool-2-thread-1] INFO  com.intuit.karate.Suite - <<fail>> feature 2 of 2 (0 remaining) classpath:examples/users/wu.feature
19:27:48.601 [main] DEBUG com.intuit.karate.Suite - [config] classpath:karate-config.js
19:27:49.770 [main] INFO  com.intuit.karate - karate.env system property was: null 
19:27:50.176 [main] DEBUG com.intuit.karate - request:
1 > GET https://restful-booker.herokuapp.com/booking/%7BbookingId%7D
1 > Host: restful-booker.herokuapp.com
1 > Connection: Keep-Alive
1 > User-Agent: Apache-HttpClient/4.5.14 (Java/17.0.9)
1 > Accept-Encoding: gzip,deflate


19:27:51.509 [main] DEBUG com.intuit.karate - response time in milliseconds: 1319
1 < 404
1 < Server: Cowboy
1 < Report-To: {"group":"heroku-nel","max_age":3600,"endpoints":[{"url":"https://nel.heroku.com/reports?ts=1708523871&sid=c46efe9b-d3d2-4a0c-8c76-bfafa16c5add&s=4LrP%2FA8Bk2fisL4eNzhEt%2FnhieW7%2FWHo613Jev7FyNc%3D"}]}
1 < Reporting-Endpoints: heroku-nel=https://nel.heroku.com/reports?ts=1708523871&sid=c46efe9b-d3d2-4a0c-8c76-bfafa16c5add&s=4LrP%2FA8Bk2fisL4eNzhEt%2FnhieW7%2FWHo613Jev7FyNc%3D
1 < Nel: {"report_to":"heroku-nel","max_age":3600,"success_fraction":0.005,"failure_fraction":0.05,"response_headers":["Via"]}
1 < Connection: keep-alive
1 < X-Powered-By: Express
1 < Content-Type: text/plain; charset=utf-8
1 < Content-Length: 9
1 < Etag: W/"9-0gXL1ngzMqISxa6S1zx3F4wtLyg"
1 < Date: Wed, 21 Feb 2024 13:57:51 GMT
1 < Via: 1.1 vegur
Not Found

19:27:51.566 [main] ERROR com.intuit.karate - classpath:examples/users/users.feature:10
Then status 200
status code was: 404, expected: 200, response time in milliseconds: 1319, url: https://restful-booker.herokuapp.com/booking/%7BbookingId%7D, response: 
Not Found
classpath:examples/users/users.feature:10
19:27:51.623 [main] INFO  com.intuit.karate - karate.env system property was: null 
19:27:51.693 [main] DEBUG com.intuit.karate - request:
1 > POST https://restful-booker.herokuapp.com/booking
1 > Content-type: application/json; charset=UTF-8
1 > Content-Length: 175
1 > Host: restful-booker.herokuapp.com
1 > Connection: Keep-Alive
1 > User-Agent: Apache-HttpClient/4.5.14 (Java/17.0.9)
1 > Accept-Encoding: gzip,deflate
{"firstname":"Shaik","lastname":"Hasansaheb","totalprice":100,"depositpaid":true,"bookingdates":{"checkin":"2024-02-01","checkout":"2024-02-02"},"additionalneeds":"Breakfast"}

19:27:52.500 [main] DEBUG com.intuit.karate - response time in milliseconds: 801
1 < 418
1 < Server: Cowboy
1 < Report-To: {"group":"heroku-nel","max_age":3600,"endpoints":[{"url":"https://nel.heroku.com/reports?ts=1708523872&sid=c46efe9b-d3d2-4a0c-8c76-bfafa16c5add&s=oaMOkpyjSZL65y7bfe4OeICyrH6y9ukyUlYsYTN%2BZ0k%3D"}]}
1 < Reporting-Endpoints: heroku-nel=https://nel.heroku.com/reports?ts=1708523872&sid=c46efe9b-d3d2-4a0c-8c76-bfafa16c5add&s=oaMOkpyjSZL65y7bfe4OeICyrH6y9ukyUlYsYTN%2BZ0k%3D
1 < Nel: {"report_to":"heroku-nel","max_age":3600,"success_fraction":0.005,"failure_fraction":0.05,"response_headers":["Via"]}
1 < Connection: keep-alive
1 < X-Powered-By: Express
1 < Content-Type: text/plain; charset=utf-8
1 < Content-Length: 12
1 < Etag: W/"c-2UDTmC4hdG5PUA+z8oDkrgejuV8"
1 < Date: Wed, 21 Feb 2024 13:57:52 GMT
1 < Via: 1.1 vegur
I'm a Teapot

19:27:52.512 [main] ERROR com.intuit.karate - classpath:examples/users/users.feature:18
Then status 200
status code was: 418, expected: 200, response time in milliseconds: 801, url: https://restful-booker.herokuapp.com/booking, response: 
I'm a Teapot
classpath:examples/users/users.feature:18
19:27:52.541 [main] INFO  com.intuit.karate - karate.env system property was: null 
19:27:52.550 [main] DEBUG com.intuit.karate - request:
1 > PUT https://restful-booker.herokuapp.com/booking/%7BbookingId%7D
1 > Content-type: application/json; charset=UTF-8
1 > Content-Length: 172
1 > Host: restful-booker.herokuapp.com
1 > Connection: Keep-Alive
1 > User-Agent: Apache-HttpClient/4.5.14 (Java/17.0.9)
1 > Accept-Encoding: gzip,deflate
{"firstname":"Shaik","lastname":"Hasansaheb","totalprice":200,"depositpaid":true,"bookingdates":{"checkin":"2024-02-06","checkout":"2024-02-06"},"additionalneeds":"mobile"}

19:27:53.312 [main] DEBUG com.intuit.karate - response time in milliseconds: 761
1 < 403
1 < Server: Cowboy
1 < Report-To: {"group":"heroku-nel","max_age":3600,"endpoints":[{"url":"https://nel.heroku.com/reports?ts=1708523873&sid=c46efe9b-d3d2-4a0c-8c76-bfafa16c5add&s=FHsljlij7TbFGtT0HV2cPguKJqmkKx%2Fc0XAcRs2M2cY%3D"}]}
1 < Reporting-Endpoints: heroku-nel=https://nel.heroku.com/reports?ts=1708523873&sid=c46efe9b-d3d2-4a0c-8c76-bfafa16c5add&s=FHsljlij7TbFGtT0HV2cPguKJqmkKx%2Fc0XAcRs2M2cY%3D
1 < Nel: {"report_to":"heroku-nel","max_age":3600,"success_fraction":0.005,"failure_fraction":0.05,"response_headers":["Via"]}
1 < Connection: keep-alive
1 < X-Powered-By: Express
1 < Content-Type: text/plain; charset=utf-8
1 < Content-Length: 9
1 < Etag: W/"9-PatfYBLj4Um1qTm5zrukoLhNyPU"
1 < Date: Wed, 21 Feb 2024 13:57:53 GMT
1 < Via: 1.1 vegur
Forbidden

19:27:53.317 [main] ERROR com.intuit.karate - classpath:examples/users/users.feature:31
Then status 200
status code was: 403, expected: 200, response time in milliseconds: 761, url: https://restful-booker.herokuapp.com/booking/%7BbookingId%7D, response: 
Forbidden
classpath:examples/users/users.feature:31
19:27:53.337 [main] INFO  com.intuit.karate - karate.env system property was: null 
19:27:53.343 [main] DEBUG com.intuit.karate - request:
1 > PATCH https://restful-booker.herokuapp.com/booking/%7BbookingId%7D
1 > Content-type: application/json; charset=UTF-8
1 > Content-Length: 27
1 > Host: restful-booker.herokuapp.com
1 > Connection: Keep-Alive
1 > User-Agent: Apache-HttpClient/4.5.14 (Java/17.0.9)
1 > Accept-Encoding: gzip,deflate
{"firstname":"LTIMindtree"}

19:27:54.024 [main] DEBUG com.intuit.karate - response time in milliseconds: 678
1 < 403
1 < Server: Cowboy
1 < Report-To: {"group":"heroku-nel","max_age":3600,"endpoints":[{"url":"https://nel.heroku.com/reports?ts=1708523873&sid=c46efe9b-d3d2-4a0c-8c76-bfafa16c5add&s=FHsljlij7TbFGtT0HV2cPguKJqmkKx%2Fc0XAcRs2M2cY%3D"}]}
1 < Reporting-Endpoints: heroku-nel=https://nel.heroku.com/reports?ts=1708523873&sid=c46efe9b-d3d2-4a0c-8c76-bfafa16c5add&s=FHsljlij7TbFGtT0HV2cPguKJqmkKx%2Fc0XAcRs2M2cY%3D
1 < Nel: {"report_to":"heroku-nel","max_age":3600,"success_fraction":0.005,"failure_fraction":0.05,"response_headers":["Via"]}
1 < Connection: keep-alive
1 < X-Powered-By: Express
1 < Content-Type: text/plain; charset=utf-8
1 < Content-Length: 9
1 < Etag: W/"9-PatfYBLj4Um1qTm5zrukoLhNyPU"
1 < Date: Wed, 21 Feb 2024 13:57:53 GMT
1 < Via: 1.1 vegur
Forbidden

19:27:54.028 [main] ERROR com.intuit.karate - classpath:examples/users/users.feature:41
Then status 200
status code was: 403, expected: 200, response time in milliseconds: 678, url: https://restful-booker.herokuapp.com/booking/%7BbookingId%7D, response: 
Forbidden
classpath:examples/users/users.feature:41
19:27:54.053 [main] INFO  com.intuit.karate - karate.env system property was: null 
19:27:54.059 [main] DEBUG com.intuit.karate - request:
1 > DELETE https://restful-booker.herokuapp.com/booking/%7BbookingId%7D
1 > Content-type: application/json
1 > Host: restful-booker.herokuapp.com
1 > Connection: Keep-Alive
1 > User-Agent: Apache-HttpClient/4.5.14 (Java/17.0.9)
1 > Accept-Encoding: gzip,deflate


19:27:54.850 [main] DEBUG com.intuit.karate - response time in milliseconds: 788
1 < 403
1 < Server: Cowboy
1 < Report-To: {"group":"heroku-nel","max_age":3600,"endpoints":[{"url":"https://nel.heroku.com/reports?ts=1708523874&sid=c46efe9b-d3d2-4a0c-8c76-bfafa16c5add&s=zQ1Tq2bH3aq%2Bb3KVYzGSYQAQrdPqJFDVnTDUzDo6O9M%3D"}]}
1 < Reporting-Endpoints: heroku-nel=https://nel.heroku.com/reports?ts=1708523874&sid=c46efe9b-d3d2-4a0c-8c76-bfafa16c5add&s=zQ1Tq2bH3aq%2Bb3KVYzGSYQAQrdPqJFDVnTDUzDo6O9M%3D
1 < Nel: {"report_to":"heroku-nel","max_age":3600,"success_fraction":0.005,"failure_fraction":0.05,"response_headers":["Via"]}
1 < Connection: keep-alive
1 < X-Powered-By: Express
1 < Content-Type: text/plain; charset=utf-8
1 < Content-Length: 9
1 < Etag: W/"9-PatfYBLj4Um1qTm5zrukoLhNyPU"
1 < Date: Wed, 21 Feb 2024 13:57:54 GMT
1 < Via: 1.1 vegur
Forbidden

19:27:54.869 [main] ERROR com.intuit.karate - classpath:examples/users/users.feature:50
Then status 201
status code was: 403, expected: 201, response time in milliseconds: 788, url: https://restful-booker.herokuapp.com/booking/%7BbookingId%7D, response: 
Forbidden
classpath:examples/users/users.feature:50
19:29:31.650 [main] DEBUG com.intuit.karate.Suite - [config] classpath:karate-config.js
19:29:32.856 [main] INFO  com.intuit.karate - karate.env system property was: null 
19:29:33.250 [main] DEBUG com.intuit.karate - request:
1 > GET https://restful-booker.herokuapp.com/booking/%7BbookingId%7D
1 > Host: restful-booker.herokuapp.com
1 > Connection: Keep-Alive
1 > User-Agent: Apache-HttpClient/4.5.14 (Java/17.0.9)
1 > Accept-Encoding: gzip,deflate


19:29:34.593 [main] DEBUG com.intuit.karate - response time in milliseconds: 1327
1 < 404
1 < Server: Cowboy
1 < Report-To: {"group":"heroku-nel","max_age":3600,"endpoints":[{"url":"https://nel.heroku.com/reports?ts=1708523974&sid=c46efe9b-d3d2-4a0c-8c76-bfafa16c5add&s=jXjZBTTafBy3X57NXPFmeZlsalPcuBjip9TNxIJbGhE%3D"}]}
1 < Reporting-Endpoints: heroku-nel=https://nel.heroku.com/reports?ts=1708523974&sid=c46efe9b-d3d2-4a0c-8c76-bfafa16c5add&s=jXjZBTTafBy3X57NXPFmeZlsalPcuBjip9TNxIJbGhE%3D
1 < Nel: {"report_to":"heroku-nel","max_age":3600,"success_fraction":0.005,"failure_fraction":0.05,"response_headers":["Via"]}
1 < Connection: keep-alive
1 < X-Powered-By: Express
1 < Content-Type: text/plain; charset=utf-8
1 < Content-Length: 9
1 < Etag: W/"9-0gXL1ngzMqISxa6S1zx3F4wtLyg"
1 < Date: Wed, 21 Feb 2024 13:59:34 GMT
1 < Via: 1.1 vegur
Not Found

19:29:34.650 [main] ERROR com.intuit.karate - classpath:examples/users/users.feature:10
Then status 200
status code was: 404, expected: 200, response time in milliseconds: 1327, url: https://restful-booker.herokuapp.com/booking/%7BbookingId%7D, response: 
Not Found
classpath:examples/users/users.feature:10
22:18:26.297 [main] ERROR com.intuit.karate.core.FeatureParser - not a valid feature file: examples/users/wu.feature - mismatched input 'F' expecting <EOF>
22:18:47.390 [main] ERROR com.intuit.karate.core.FeatureParser - not a valid feature file: examples/users/wu.feature - mismatched input 'F' expecting <EOF>
22:19:26.815 [main] DEBUG com.intuit.karate.Suite - [config] classpath:karate-config.js
22:19:28.119 [main] INFO  com.intuit.karate - karate.env system property was: null 
22:19:28.177 [main] ERROR com.intuit.karate - classpath:examples/users/wu.feature:3
Given def request
"""
{
  "username": "admin",
  "password": "password123"
}
"""
no step-definition method match found for: def request
classpath:examples/users/wu.feature:3
22:20:59.478 [main] DEBUG com.intuit.karate.Suite - [config] classpath:karate-config.js
22:21:00.719 [main] INFO  com.intuit.karate - karate.env system property was: null 
22:21:00.780 [main] ERROR com.intuit.karate - classpath:examples/users/wu.feature:3
Given def request
"""
{
  "username": "admin",
  "password": "password123"
}
"""
no step-definition method match found for: def request
classpath:examples/users/wu.feature:3
22:22:01.861 [main] DEBUG com.intuit.karate.Suite - [config] classpath:karate-config.js
22:22:03.073 [main] INFO  com.intuit.karate - karate.env system property was: null 
22:22:03.145 [main] ERROR com.intuit.karate - classpath:examples/users/wu.feature:4
And def request
"""
{
  "username": "admin",
  "password": "password123"
}
"""
no step-definition method match found for: def request
classpath:examples/users/wu.feature:4
22:23:17.693 [main] DEBUG com.intuit.karate.Suite - [config] classpath:karate-config.js
22:23:18.982 [main] INFO  com.intuit.karate - karate.env system property was: null 
22:23:19.042 [main] ERROR com.intuit.karate - classpath:examples/users/wu.feature:4
And def request
"""
{
  "username": "admin",
  "password": "password123"
}
"""
no step-definition method match found for: def request
classpath:examples/users/wu.feature:4
22:24:01.576 [main] DEBUG com.intuit.karate.Suite - [config] classpath:karate-config.js
22:24:02.759 [main] INFO  com.intuit.karate - karate.env system property was: null 
22:24:02.825 [main] ERROR com.intuit.karate - classpath:examples/users/users.feature:4
And def request
"""
{
  "username": "admin",
  "password": "password123"
}
"""
no step-definition method match found for: def request
classpath:examples/users/users.feature:4
22:25:51.667 [main] DEBUG com.intuit.karate.Suite - [config] classpath:karate-config.js
22:25:52.807 [main] INFO  com.intuit.karate - karate.env system property was: null 
22:25:52.881 [main] ERROR com.intuit.karate - classpath:examples/users/users.feature:4
And def request
"""
{
  "username": "admin",
  "password": "password123"
}
"""
no step-definition method match found for: def request
classpath:examples/users/users.feature:4
22:26:27.419 [main] DEBUG com.intuit.karate.Suite - [config] classpath:karate-config.js
22:26:28.592 [main] INFO  com.intuit.karate - karate.env system property was: null 
22:26:28.656 [main] ERROR com.intuit.karate - classpath:examples/users/users.feature:4
And def request
"""
{
  "username": "admin",
  "password": "password123"
}
"""
no step-definition method match found for: def request
classpath:examples/users/users.feature:4
22:29:41.096 [main] DEBUG com.intuit.karate.Suite - [config] classpath:karate-config.js
22:29:42.300 [main] INFO  com.intuit.karate - karate.env system property was: null 
22:29:42.381 [main] ERROR com.intuit.karate - classpath:examples/users/wu.feature:8
And def request
"""
{
  "username": "admin",
  "password": "password123"
}
"""
no step-definition method match found for: def request
classpath:examples/users/wu.feature:8
22:29:42.437 [main] INFO  com.intuit.karate - karate.env system property was: null 
22:29:42.794 [main] DEBUG com.intuit.karate - request:
1 > GET https://restful-booker.herokuapp.com/booking/%7BbookingId%7D
1 > Host: restful-booker.herokuapp.com
1 > Connection: Keep-Alive
1 > User-Agent: Apache-HttpClient/4.5.14 (Java/17.0.9)
1 > Accept-Encoding: gzip,deflate


22:29:44.410 [main] DEBUG com.intuit.karate - response time in milliseconds: 1605
1 < 404
1 < Server: Cowboy
1 < Report-To: {"group":"heroku-nel","max_age":3600,"endpoints":[{"url":"https://nel.heroku.com/reports?ts=1708534784&sid=c46efe9b-d3d2-4a0c-8c76-bfafa16c5add&s=HlIeeLlsHMmpZJWPRe402xpxnmFtyk5kHfuheabqDbg%3D"}]}
1 < Reporting-Endpoints: heroku-nel=https://nel.heroku.com/reports?ts=1708534784&sid=c46efe9b-d3d2-4a0c-8c76-bfafa16c5add&s=HlIeeLlsHMmpZJWPRe402xpxnmFtyk5kHfuheabqDbg%3D
1 < Nel: {"report_to":"heroku-nel","max_age":3600,"success_fraction":0.005,"failure_fraction":0.05,"response_headers":["Via"]}
1 < Connection: keep-alive
1 < X-Powered-By: Express
1 < Content-Type: text/plain; charset=utf-8
1 < Content-Length: 9
1 < Etag: W/"9-0gXL1ngzMqISxa6S1zx3F4wtLyg"
1 < Date: Wed, 21 Feb 2024 16:59:44 GMT
1 < Via: 1.1 vegur
Not Found

22:29:44.459 [main] ERROR com.intuit.karate - classpath:examples/users/wu.feature:26
Then status 200
status code was: 404, expected: 200, response time in milliseconds: 1605, url: https://restful-booker.herokuapp.com/booking/%7BbookingId%7D, response: 
Not Found
classpath:examples/users/wu.feature:26
22:29:44.498 [main] INFO  com.intuit.karate - karate.env system property was: null 
22:29:44.564 [main] DEBUG com.intuit.karate - request:
1 > POST https://restful-booker.herokuapp.com/booking
1 > Content-type: application/json; charset=UTF-8
1 > Content-Length: 171
1 > Host: restful-booker.herokuapp.com
1 > Connection: Keep-Alive
1 > User-Agent: Apache-HttpClient/4.5.14 (Java/17.0.9)
1 > Accept-Encoding: gzip,deflate
{"firstname":"Manasi","lastname":"Patil","totalprice":100,"depositpaid":true,"bookingdates":{"checkin":"2024-01-10","checkout":"2024-01-11"},"additionalneeds":"Breakfast"}

22:29:45.388 [main] DEBUG com.intuit.karate - response time in milliseconds: 819
1 < 418
1 < Server: Cowboy
1 < Report-To: {"group":"heroku-nel","max_age":3600,"endpoints":[{"url":"https://nel.heroku.com/reports?ts=1708534785&sid=c46efe9b-d3d2-4a0c-8c76-bfafa16c5add&s=zAU1g9Bxf8gAA3T0t9nbjPoERKhBR18bTXreSs2udcI%3D"}]}
1 < Reporting-Endpoints: heroku-nel=https://nel.heroku.com/reports?ts=1708534785&sid=c46efe9b-d3d2-4a0c-8c76-bfafa16c5add&s=zAU1g9Bxf8gAA3T0t9nbjPoERKhBR18bTXreSs2udcI%3D
1 < Nel: {"report_to":"heroku-nel","max_age":3600,"success_fraction":0.005,"failure_fraction":0.05,"response_headers":["Via"]}
1 < Connection: keep-alive
1 < X-Powered-By: Express
1 < Content-Type: text/plain; charset=utf-8
1 < Content-Length: 12
1 < Etag: W/"c-2UDTmC4hdG5PUA+z8oDkrgejuV8"
1 < Date: Wed, 21 Feb 2024 16:59:45 GMT
1 < Via: 1.1 vegur
I'm a Teapot

22:29:45.393 [main] ERROR com.intuit.karate - classpath:examples/users/wu.feature:34
Then status 200
status code was: 418, expected: 200, response time in milliseconds: 819, url: https://restful-booker.herokuapp.com/booking, response: 
I'm a Teapot
classpath:examples/users/wu.feature:34
22:29:45.414 [main] INFO  com.intuit.karate - karate.env system property was: null 
22:29:45.423 [main] DEBUG com.intuit.karate - request:
1 > PUT https://restful-booker.herokuapp.com/booking/%7BbookingId%7D
1 > Content-type: application/json; charset=UTF-8
1 > Content-Length: 168
1 > Host: restful-booker.herokuapp.com
1 > Connection: Keep-Alive
1 > User-Agent: Apache-HttpClient/4.5.14 (Java/17.0.9)
1 > Accept-Encoding: gzip,deflate
{"firstname":"Manasi","lastname":"Patil","totalprice":200,"depositpaid":true,"bookingdates":{"checkin":"2024-01-06","checkout":"2024-01-06"},"additionalneeds":"mobile"}

22:29:46.085 [main] DEBUG com.intuit.karate - response time in milliseconds: 661
1 < 403
1 < Server: Cowboy
1 < Report-To: {"group":"heroku-nel","max_age":3600,"endpoints":[{"url":"https://nel.heroku.com/reports?ts=1708534786&sid=c46efe9b-d3d2-4a0c-8c76-bfafa16c5add&s=tSrC1MGNK%2By03L3guFptsKLHbp6lysOr%2FQOBHvr9ZXw%3D"}]}
1 < Reporting-Endpoints: heroku-nel=https://nel.heroku.com/reports?ts=1708534786&sid=c46efe9b-d3d2-4a0c-8c76-bfafa16c5add&s=tSrC1MGNK%2By03L3guFptsKLHbp6lysOr%2FQOBHvr9ZXw%3D
1 < Nel: {"report_to":"heroku-nel","max_age":3600,"success_fraction":0.005,"failure_fraction":0.05,"response_headers":["Via"]}
1 < Connection: keep-alive
1 < X-Powered-By: Express
1 < Content-Type: text/plain; charset=utf-8
1 < Content-Length: 9
1 < Etag: W/"9-PatfYBLj4Um1qTm5zrukoLhNyPU"
1 < Date: Wed, 21 Feb 2024 16:59:46 GMT
1 < Via: 1.1 vegur
Forbidden

22:29:46.090 [main] ERROR com.intuit.karate - classpath:examples/users/wu.feature:47
Then status 200
status code was: 403, expected: 200, response time in milliseconds: 661, url: https://restful-booker.herokuapp.com/booking/%7BbookingId%7D, response: 
Forbidden
classpath:examples/users/wu.feature:47
22:29:46.107 [main] INFO  com.intuit.karate - karate.env system property was: null 
22:29:46.113 [main] DEBUG com.intuit.karate - request:
1 > PATCH https://restful-booker.herokuapp.com/booking/%7BbookingId%7D
1 > Content-type: application/json; charset=UTF-8
1 > Content-Length: 27
1 > Host: restful-booker.herokuapp.com
1 > Connection: Keep-Alive
1 > User-Agent: Apache-HttpClient/4.5.14 (Java/17.0.9)
1 > Accept-Encoding: gzip,deflate
{"firstname":"LTIMindtree"}

22:29:46.803 [main] DEBUG com.intuit.karate - response time in milliseconds: 688
1 < 403
1 < Server: Cowboy
1 < Report-To: {"group":"heroku-nel","max_age":3600,"endpoints":[{"url":"https://nel.heroku.com/reports?ts=1708534787&sid=c46efe9b-d3d2-4a0c-8c76-bfafa16c5add&s=KUIuGbaV3QIt%2BofIIyb%2BWS5a2nnj9L%2FT8sn7dOY8WjU%3D"}]}
1 < Reporting-Endpoints: heroku-nel=https://nel.heroku.com/reports?ts=1708534787&sid=c46efe9b-d3d2-4a0c-8c76-bfafa16c5add&s=KUIuGbaV3QIt%2BofIIyb%2BWS5a2nnj9L%2FT8sn7dOY8WjU%3D
1 < Nel: {"report_to":"heroku-nel","max_age":3600,"success_fraction":0.005,"failure_fraction":0.05,"response_headers":["Via"]}
1 < Connection: keep-alive
1 < X-Powered-By: Express
1 < Content-Type: text/plain; charset=utf-8
1 < Content-Length: 9
1 < Etag: W/"9-PatfYBLj4Um1qTm5zrukoLhNyPU"
1 < Date: Wed, 21 Feb 2024 16:59:47 GMT
1 < Via: 1.1 vegur
Forbidden

22:29:46.808 [main] ERROR com.intuit.karate - classpath:examples/users/wu.feature:57
Then status 200
status code was: 403, expected: 200, response time in milliseconds: 688, url: https://restful-booker.herokuapp.com/booking/%7BbookingId%7D, response: 
Forbidden
classpath:examples/users/wu.feature:57
22:29:46.833 [main] INFO  com.intuit.karate - karate.env system property was: null 
22:29:46.840 [main] DEBUG com.intuit.karate - request:
1 > DELETE https://restful-booker.herokuapp.com/booking/%7BbookingId%7D
1 > Content-type: application/json
1 > Host: restful-booker.herokuapp.com
1 > Connection: Keep-Alive
1 > User-Agent: Apache-HttpClient/4.5.14 (Java/17.0.9)
1 > Accept-Encoding: gzip,deflate


22:29:47.500 [main] DEBUG com.intuit.karate - response time in milliseconds: 658
1 < 403
1 < Server: Cowboy
1 < Report-To: {"group":"heroku-nel","max_age":3600,"endpoints":[{"url":"https://nel.heroku.com/reports?ts=1708534787&sid=c46efe9b-d3d2-4a0c-8c76-bfafa16c5add&s=KUIuGbaV3QIt%2BofIIyb%2BWS5a2nnj9L%2FT8sn7dOY8WjU%3D"}]}
1 < Reporting-Endpoints: heroku-nel=https://nel.heroku.com/reports?ts=1708534787&sid=c46efe9b-d3d2-4a0c-8c76-bfafa16c5add&s=KUIuGbaV3QIt%2BofIIyb%2BWS5a2nnj9L%2FT8sn7dOY8WjU%3D
1 < Nel: {"report_to":"heroku-nel","max_age":3600,"success_fraction":0.005,"failure_fraction":0.05,"response_headers":["Via"]}
1 < Connection: keep-alive
1 < X-Powered-By: Express
1 < Content-Type: text/plain; charset=utf-8
1 < Content-Length: 9
1 < Etag: W/"9-PatfYBLj4Um1qTm5zrukoLhNyPU"
1 < Date: Wed, 21 Feb 2024 16:59:47 GMT
1 < Via: 1.1 vegur
Forbidden

22:29:47.521 [main] ERROR com.intuit.karate - classpath:examples/users/wu.feature:66
Then status 201
status code was: 403, expected: 201, response time in milliseconds: 658, url: https://restful-booker.herokuapp.com/booking/%7BbookingId%7D, response: 
Forbidden
classpath:examples/users/wu.feature:66
